ARM GAS  /tmp/ccELAl81.s 			page 1


   1              		.cpu cortex-m4
   2              		.eabi_attribute 27, 1
   3              		.eabi_attribute 28, 1
   4              		.eabi_attribute 20, 1
   5              		.eabi_attribute 21, 1
   6              		.eabi_attribute 23, 3
   7              		.eabi_attribute 24, 1
   8              		.eabi_attribute 25, 1
   9              		.eabi_attribute 26, 1
  10              		.eabi_attribute 30, 1
  11              		.eabi_attribute 34, 1
  12              		.eabi_attribute 18, 4
  13              		.file	"hashmap.c"
  14              		.text
  15              	.Ltext0:
  16              		.cfi_sections	.debug_frame
  17              		.section	.text.hm_create,"ax",%progbits
  18              		.align	1
  19              		.global	hm_create
  20              		.arch armv7e-m
  21              		.syntax unified
  22              		.thumb
  23              		.thumb_func
  24              		.fpu fpv4-sp-d16
  26              	hm_create:
  27              	.LVL0:
  28              	.LFB0:
  29              		.file 1 "source/modules/hashmap/hashmap.c"
   1:source/modules/hashmap/hashmap.c **** #include <stdlib.h>
   2:source/modules/hashmap/hashmap.c **** #include <stdint.h>
   3:source/modules/hashmap/hashmap.c **** 
   4:source/modules/hashmap/hashmap.c **** typedef struct {
   5:source/modules/hashmap/hashmap.c ****     uint32_t key;
   6:source/modules/hashmap/hashmap.c ****     void* value;
   7:source/modules/hashmap/hashmap.c **** } hashmap_entry_t;
   8:source/modules/hashmap/hashmap.c **** 
   9:source/modules/hashmap/hashmap.c **** typedef struct {
  10:source/modules/hashmap/hashmap.c ****     uint32_t size;            // number of entries
  11:source/modules/hashmap/hashmap.c ****     hashmap_entry_t* entries; // array of entries
  12:source/modules/hashmap/hashmap.c ****     uint8_t* used ;           // if entry is used or free
  13:source/modules/hashmap/hashmap.c **** } hashmap_t;
  14:source/modules/hashmap/hashmap.c **** 
  15:source/modules/hashmap/hashmap.c **** #define HASHMAP_C
  16:source/modules/hashmap/hashmap.c **** #include "hashmap.h"
  17:source/modules/hashmap/hashmap.c **** 
  18:source/modules/hashmap/hashmap.c **** 
  19:source/modules/hashmap/hashmap.c **** hashmap_t* hm_create(uint32_t num_entries) {
  30              		.loc 1 19 44 view -0
  31              		.cfi_startproc
  32              		@ args = 0, pretend = 0, frame = 0
  33              		@ frame_needed = 0, uses_anonymous_args = 0
  34              		.loc 1 19 44 is_stmt 0 view .LVU1
  35 0000 38B5     		push	{r3, r4, r5, lr}
  36              	.LCFI0:
  37              		.cfi_def_cfa_offset 16
  38              		.cfi_offset 3, -16
  39              		.cfi_offset 4, -12
ARM GAS  /tmp/ccELAl81.s 			page 2


  40              		.cfi_offset 5, -8
  41              		.cfi_offset 14, -4
  42 0002 0546     		mov	r5, r0
  20:source/modules/hashmap/hashmap.c ****     hashmap_t* hm = (hashmap_t*)malloc(sizeof(hashmap_t));
  43              		.loc 1 20 5 is_stmt 1 view .LVU2
  44              		.loc 1 20 33 is_stmt 0 view .LVU3
  45 0004 0C20     		movs	r0, #12
  46              	.LVL1:
  47              		.loc 1 20 33 view .LVU4
  48 0006 FFF7FEFF 		bl	malloc
  49              	.LVL2:
  50 000a 0446     		mov	r4, r0
  51              	.LVL3:
  21:source/modules/hashmap/hashmap.c ****     hm->size = num_entries;
  52              		.loc 1 21 5 is_stmt 1 view .LVU5
  53              		.loc 1 21 14 is_stmt 0 view .LVU6
  54 000c 0560     		str	r5, [r0]
  22:source/modules/hashmap/hashmap.c ****     hm->entries = (hashmap_entry_t*)calloc(num_entries, sizeof(hashmap_entry_t));
  55              		.loc 1 22 5 is_stmt 1 view .LVU7
  56              		.loc 1 22 37 is_stmt 0 view .LVU8
  57 000e 0821     		movs	r1, #8
  58 0010 2846     		mov	r0, r5
  59              	.LVL4:
  60              		.loc 1 22 37 view .LVU9
  61 0012 FFF7FEFF 		bl	calloc
  62              	.LVL5:
  63              		.loc 1 22 17 view .LVU10
  64 0016 6060     		str	r0, [r4, #4]
  23:source/modules/hashmap/hashmap.c ****     hm->used = (uint8_t*)calloc(num_entries, sizeof(uint8_t));
  65              		.loc 1 23 5 is_stmt 1 view .LVU11
  66              		.loc 1 23 26 is_stmt 0 view .LVU12
  67 0018 0121     		movs	r1, #1
  68 001a 2846     		mov	r0, r5
  69 001c FFF7FEFF 		bl	calloc
  70              	.LVL6:
  71              		.loc 1 23 14 view .LVU13
  72 0020 A060     		str	r0, [r4, #8]
  24:source/modules/hashmap/hashmap.c **** 
  25:source/modules/hashmap/hashmap.c ****     return hm;
  73              		.loc 1 25 5 is_stmt 1 view .LVU14
  26:source/modules/hashmap/hashmap.c **** }
  74              		.loc 1 26 1 is_stmt 0 view .LVU15
  75 0022 2046     		mov	r0, r4
  76 0024 38BD     		pop	{r3, r4, r5, pc}
  77              		.loc 1 26 1 view .LVU16
  78              		.cfi_endproc
  79              	.LFE0:
  81              		.section	.text.hm_destroy,"ax",%progbits
  82              		.align	1
  83              		.global	hm_destroy
  84              		.syntax unified
  85              		.thumb
  86              		.thumb_func
  87              		.fpu fpv4-sp-d16
  89              	hm_destroy:
  90              	.LVL7:
  91              	.LFB1:
ARM GAS  /tmp/ccELAl81.s 			page 3


  27:source/modules/hashmap/hashmap.c **** 
  28:source/modules/hashmap/hashmap.c **** void hm_destroy(hashmap_t* hm) {
  92              		.loc 1 28 32 is_stmt 1 view -0
  93              		.cfi_startproc
  94              		@ args = 0, pretend = 0, frame = 0
  95              		@ frame_needed = 0, uses_anonymous_args = 0
  96              		.loc 1 28 32 is_stmt 0 view .LVU18
  97 0000 10B5     		push	{r4, lr}
  98              	.LCFI1:
  99              		.cfi_def_cfa_offset 8
 100              		.cfi_offset 4, -8
 101              		.cfi_offset 14, -4
 102 0002 0446     		mov	r4, r0
  29:source/modules/hashmap/hashmap.c ****     free(hm->entries);
 103              		.loc 1 29 5 is_stmt 1 view .LVU19
 104 0004 4068     		ldr	r0, [r0, #4]
 105              	.LVL8:
 106              		.loc 1 29 5 is_stmt 0 view .LVU20
 107 0006 FFF7FEFF 		bl	free
 108              	.LVL9:
  30:source/modules/hashmap/hashmap.c ****     free(hm->used);
 109              		.loc 1 30 5 is_stmt 1 view .LVU21
 110 000a A068     		ldr	r0, [r4, #8]
 111 000c FFF7FEFF 		bl	free
 112              	.LVL10:
  31:source/modules/hashmap/hashmap.c ****     free(hm);
 113              		.loc 1 31 5 view .LVU22
 114 0010 2046     		mov	r0, r4
 115 0012 FFF7FEFF 		bl	free
 116              	.LVL11:
  32:source/modules/hashmap/hashmap.c **** }
 117              		.loc 1 32 1 is_stmt 0 view .LVU23
 118 0016 10BD     		pop	{r4, pc}
 119              		.loc 1 32 1 view .LVU24
 120              		.cfi_endproc
 121              	.LFE1:
 123              		.section	.text.hm_add,"ax",%progbits
 124              		.align	1
 125              		.global	hm_add
 126              		.syntax unified
 127              		.thumb
 128              		.thumb_func
 129              		.fpu fpv4-sp-d16
 131              	hm_add:
 132              	.LVL12:
 133              	.LFB2:
  33:source/modules/hashmap/hashmap.c **** 
  34:source/modules/hashmap/hashmap.c **** 
  35:source/modules/hashmap/hashmap.c **** // NOTE: the way we add we don't look for collisions with other keys
  36:source/modules/hashmap/hashmap.c **** // the first key added will be returned by get until it is removed
  37:source/modules/hashmap/hashmap.c **** hashmap_ret_t hm_add(hashmap_t* hm, uint32_t key, void* value) {
 134              		.loc 1 37 64 is_stmt 1 view -0
 135              		.cfi_startproc
 136              		@ args = 0, pretend = 0, frame = 0
 137              		@ frame_needed = 0, uses_anonymous_args = 0
 138              		@ link register save eliminated.
 139              		.loc 1 37 64 is_stmt 0 view .LVU26
ARM GAS  /tmp/ccELAl81.s 			page 4


 140 0000 10B4     		push	{r4}
 141              	.LCFI2:
 142              		.cfi_def_cfa_offset 4
 143              		.cfi_offset 4, -4
 144 0002 8446     		mov	ip, r0
  38:source/modules/hashmap/hashmap.c ****     uint32_t index = key % hm->size;
 145              		.loc 1 38 5 is_stmt 1 view .LVU27
 146              		.loc 1 38 30 is_stmt 0 view .LVU28
 147 0004 0468     		ldr	r4, [r0]
 148              		.loc 1 38 14 view .LVU29
 149 0006 B1FBF4F3 		udiv	r3, r1, r4
 150 000a 04FB1313 		mls	r3, r4, r3, r1
 151              	.LVL13:
  39:source/modules/hashmap/hashmap.c **** 
  40:source/modules/hashmap/hashmap.c ****     // find a location closest to index and to the right
  41:source/modules/hashmap/hashmap.c ****     for(uint32_t i = index; i < hm->size; i++) {
 152              		.loc 1 41 5 is_stmt 1 view .LVU30
 153              	.LBB2:
 154              		.loc 1 41 9 view .LVU31
 155              		.loc 1 41 5 is_stmt 0 view .LVU32
 156 000e 00E0     		b	.L6
 157              	.LVL14:
 158              	.L7:
 159              		.loc 1 41 44 is_stmt 1 discriminator 2 view .LVU33
 160 0010 0133     		adds	r3, r3, #1
 161              	.LVL15:
 162              	.L6:
 163              		.loc 1 41 31 discriminator 1 view .LVU34
 164 0012 9C42     		cmp	r4, r3
 165 0014 12D9     		bls	.L11
  42:source/modules/hashmap/hashmap.c ****         if(!hm->used[i]) {
 166              		.loc 1 42 9 view .LVU35
 167              		.loc 1 42 21 is_stmt 0 view .LVU36
 168 0016 DCF80800 		ldr	r0, [ip, #8]
 169 001a C05C     		ldrb	r0, [r0, r3]	@ zero_extendqisi2
 170              		.loc 1 42 11 view .LVU37
 171 001c 0028     		cmp	r0, #0
 172 001e F7D1     		bne	.L7
  43:source/modules/hashmap/hashmap.c ****             // this is our location!
  44:source/modules/hashmap/hashmap.c ****             hm->entries[i].key = key;
 173              		.loc 1 44 13 is_stmt 1 view .LVU38
 174              		.loc 1 44 15 is_stmt 0 view .LVU39
 175 0020 DCF80440 		ldr	r4, [ip, #4]
 176              	.LVL16:
 177              		.loc 1 44 32 view .LVU40
 178 0024 44F83310 		str	r1, [r4, r3, lsl #3]
 179              	.LVL17:
  45:source/modules/hashmap/hashmap.c ****             hm->entries[i].value = value;
 180              		.loc 1 45 13 is_stmt 1 view .LVU41
 181              		.loc 1 45 15 is_stmt 0 view .LVU42
 182 0028 DCF80410 		ldr	r1, [ip, #4]
 183              	.LVL18:
 184              		.loc 1 45 24 view .LVU43
 185 002c 01EBC301 		add	r1, r1, r3, lsl #3
 186              		.loc 1 45 34 view .LVU44
 187 0030 4A60     		str	r2, [r1, #4]
 188              	.LVL19:
ARM GAS  /tmp/ccELAl81.s 			page 5


  46:source/modules/hashmap/hashmap.c ****             hm->used[i] = 1;
 189              		.loc 1 46 13 is_stmt 1 view .LVU45
 190              		.loc 1 46 15 is_stmt 0 view .LVU46
 191 0032 DCF80820 		ldr	r2, [ip, #8]
 192              	.LVL20:
 193              		.loc 1 46 25 view .LVU47
 194 0036 0121     		movs	r1, #1
 195              	.LVL21:
 196              		.loc 1 46 25 view .LVU48
 197 0038 D154     		strb	r1, [r2, r3]
  47:source/modules/hashmap/hashmap.c **** 
  48:source/modules/hashmap/hashmap.c ****             return HM_OK;
 198              		.loc 1 48 13 is_stmt 1 view .LVU49
 199              		.loc 1 48 20 is_stmt 0 view .LVU50
 200 003a 00E0     		b	.L8
 201              	.LVL22:
 202              	.L11:
 203              		.loc 1 48 20 view .LVU51
 204              	.LBE2:
  49:source/modules/hashmap/hashmap.c ****         }
  50:source/modules/hashmap/hashmap.c ****     }
  51:source/modules/hashmap/hashmap.c **** 
  52:source/modules/hashmap/hashmap.c ****     return HM_FULL;
 205              		.loc 1 52 12 view .LVU52
 206 003c 0120     		movs	r0, #1
 207              	.LVL23:
 208              	.L8:
  53:source/modules/hashmap/hashmap.c **** }
 209              		.loc 1 53 1 view .LVU53
 210 003e 5DF8044B 		ldr	r4, [sp], #4
 211              	.LCFI3:
 212              		.cfi_restore 4
 213              		.cfi_def_cfa_offset 0
 214 0042 7047     		bx	lr
 215              		.cfi_endproc
 216              	.LFE2:
 218              		.section	.text.hm_rm,"ax",%progbits
 219              		.align	1
 220              		.global	hm_rm
 221              		.syntax unified
 222              		.thumb
 223              		.thumb_func
 224              		.fpu fpv4-sp-d16
 226              	hm_rm:
 227              	.LVL24:
 228              	.LFB3:
  54:source/modules/hashmap/hashmap.c **** 
  55:source/modules/hashmap/hashmap.c **** hashmap_ret_t hm_rm(hashmap_t* hm, uint32_t key) {
 229              		.loc 1 55 50 is_stmt 1 view -0
 230              		.cfi_startproc
 231              		@ args = 0, pretend = 0, frame = 0
 232              		@ frame_needed = 0, uses_anonymous_args = 0
 233              		@ link register save eliminated.
 234              		.loc 1 55 50 is_stmt 0 view .LVU55
 235 0000 10B4     		push	{r4}
 236              	.LCFI4:
 237              		.cfi_def_cfa_offset 4
ARM GAS  /tmp/ccELAl81.s 			page 6


 238              		.cfi_offset 4, -4
  56:source/modules/hashmap/hashmap.c ****     uint32_t index = key % hm->size;
 239              		.loc 1 56 5 is_stmt 1 view .LVU56
 240              		.loc 1 56 30 is_stmt 0 view .LVU57
 241 0002 0468     		ldr	r4, [r0]
 242              		.loc 1 56 14 view .LVU58
 243 0004 B1FBF4F3 		udiv	r3, r1, r4
 244 0008 04FB1313 		mls	r3, r4, r3, r1
 245              	.LVL25:
  57:source/modules/hashmap/hashmap.c **** 
  58:source/modules/hashmap/hashmap.c ****     // find the key starting from it's leftmost possible location
  59:source/modules/hashmap/hashmap.c ****     for(uint32_t i = index; i < hm->size; i++) {
 246              		.loc 1 59 5 is_stmt 1 view .LVU59
 247              	.LBB3:
 248              		.loc 1 59 9 view .LVU60
 249              		.loc 1 59 5 is_stmt 0 view .LVU61
 250 000c 00E0     		b	.L13
 251              	.LVL26:
 252              	.L14:
 253              		.loc 1 59 44 is_stmt 1 discriminator 2 view .LVU62
 254 000e 0133     		adds	r3, r3, #1
 255              	.LVL27:
 256              	.L13:
 257              		.loc 1 59 31 discriminator 1 view .LVU63
 258 0010 9C42     		cmp	r4, r3
 259 0012 0ED9     		bls	.L18
  60:source/modules/hashmap/hashmap.c ****         if(hm->used[i]) {
 260              		.loc 1 60 9 view .LVU64
 261              		.loc 1 60 14 is_stmt 0 view .LVU65
 262 0014 8268     		ldr	r2, [r0, #8]
 263              		.loc 1 60 20 view .LVU66
 264 0016 02EB030C 		add	ip, r2, r3
 265 001a D25C     		ldrb	r2, [r2, r3]	@ zero_extendqisi2
 266              		.loc 1 60 11 view .LVU67
 267 001c 002A     		cmp	r2, #0
 268 001e F6D0     		beq	.L14
  61:source/modules/hashmap/hashmap.c ****             if(hm->entries[i].key == key) {
 269              		.loc 1 61 13 is_stmt 1 view .LVU68
 270              		.loc 1 61 18 is_stmt 0 view .LVU69
 271 0020 4268     		ldr	r2, [r0, #4]
 272              		.loc 1 61 30 view .LVU70
 273 0022 52F83320 		ldr	r2, [r2, r3, lsl #3]
 274              		.loc 1 61 15 view .LVU71
 275 0026 8A42     		cmp	r2, r1
 276 0028 F1D1     		bne	.L14
  62:source/modules/hashmap/hashmap.c ****                 // this is it!
  63:source/modules/hashmap/hashmap.c ****                 hm->used[i] = 0;
 277              		.loc 1 63 17 is_stmt 1 view .LVU72
 278              		.loc 1 63 29 is_stmt 0 view .LVU73
 279 002a 0020     		movs	r0, #0
 280              	.LVL28:
 281              		.loc 1 63 29 view .LVU74
 282 002c 8CF80000 		strb	r0, [ip]
  64:source/modules/hashmap/hashmap.c **** 
  65:source/modules/hashmap/hashmap.c ****                 return HM_OK;
 283              		.loc 1 65 17 is_stmt 1 view .LVU75
 284              		.loc 1 65 24 is_stmt 0 view .LVU76
ARM GAS  /tmp/ccELAl81.s 			page 7


 285 0030 00E0     		b	.L15
 286              	.LVL29:
 287              	.L18:
 288              		.loc 1 65 24 view .LVU77
 289              	.LBE3:
  66:source/modules/hashmap/hashmap.c ****             }
  67:source/modules/hashmap/hashmap.c ****         }
  68:source/modules/hashmap/hashmap.c ****     }
  69:source/modules/hashmap/hashmap.c **** 
  70:source/modules/hashmap/hashmap.c ****     // couldn't find the key to remove
  71:source/modules/hashmap/hashmap.c ****     return HM_INVALID_KEY;
 290              		.loc 1 71 12 view .LVU78
 291 0032 0220     		movs	r0, #2
 292              	.LVL30:
 293              	.L15:
  72:source/modules/hashmap/hashmap.c **** }
 294              		.loc 1 72 1 view .LVU79
 295 0034 5DF8044B 		ldr	r4, [sp], #4
 296              	.LCFI5:
 297              		.cfi_restore 4
 298              		.cfi_def_cfa_offset 0
 299              	.LVL31:
 300              		.loc 1 72 1 view .LVU80
 301 0038 7047     		bx	lr
 302              		.cfi_endproc
 303              	.LFE3:
 305              		.section	.text.hm_get,"ax",%progbits
 306              		.align	1
 307              		.global	hm_get
 308              		.syntax unified
 309              		.thumb
 310              		.thumb_func
 311              		.fpu fpv4-sp-d16
 313              	hm_get:
 314              	.LVL32:
 315              	.LFB4:
  73:source/modules/hashmap/hashmap.c **** 
  74:source/modules/hashmap/hashmap.c **** void* hm_get(hashmap_t* hm, uint32_t key) {
 316              		.loc 1 74 43 is_stmt 1 view -0
 317              		.cfi_startproc
 318              		@ args = 0, pretend = 0, frame = 0
 319              		@ frame_needed = 0, uses_anonymous_args = 0
 320              		@ link register save eliminated.
 321              		.loc 1 74 43 is_stmt 0 view .LVU82
 322 0000 10B4     		push	{r4}
 323              	.LCFI6:
 324              		.cfi_def_cfa_offset 4
 325              		.cfi_offset 4, -4
  75:source/modules/hashmap/hashmap.c ****     uint32_t index = key % hm->size;
 326              		.loc 1 75 5 is_stmt 1 view .LVU83
 327              		.loc 1 75 30 is_stmt 0 view .LVU84
 328 0002 0468     		ldr	r4, [r0]
 329              		.loc 1 75 14 view .LVU85
 330 0004 B1FBF4F3 		udiv	r3, r1, r4
 331 0008 04FB1313 		mls	r3, r4, r3, r1
 332              	.LVL33:
  76:source/modules/hashmap/hashmap.c **** 
ARM GAS  /tmp/ccELAl81.s 			page 8


  77:source/modules/hashmap/hashmap.c ****     // find the key starting from it's leftmost possible location
  78:source/modules/hashmap/hashmap.c ****     for(uint32_t i = index; i < hm->size; i++) {
 333              		.loc 1 78 5 is_stmt 1 view .LVU86
 334              	.LBB4:
 335              		.loc 1 78 9 view .LVU87
 336              		.loc 1 78 5 is_stmt 0 view .LVU88
 337 000c 00E0     		b	.L20
 338              	.LVL34:
 339              	.L21:
 340              		.loc 1 78 44 is_stmt 1 discriminator 2 view .LVU89
 341 000e 0133     		adds	r3, r3, #1
 342              	.LVL35:
 343              	.L20:
 344              		.loc 1 78 31 discriminator 1 view .LVU90
 345 0010 9C42     		cmp	r4, r3
 346 0012 0DD9     		bls	.L25
  79:source/modules/hashmap/hashmap.c ****         if(hm->used[i]) {
 347              		.loc 1 79 9 view .LVU91
 348              		.loc 1 79 14 is_stmt 0 view .LVU92
 349 0014 8268     		ldr	r2, [r0, #8]
 350              		.loc 1 79 20 view .LVU93
 351 0016 D25C     		ldrb	r2, [r2, r3]	@ zero_extendqisi2
 352              		.loc 1 79 11 view .LVU94
 353 0018 002A     		cmp	r2, #0
 354 001a F8D0     		beq	.L21
  80:source/modules/hashmap/hashmap.c ****             if(hm->entries[i].key == key) {
 355              		.loc 1 80 13 is_stmt 1 view .LVU95
 356              		.loc 1 80 18 is_stmt 0 view .LVU96
 357 001c 4268     		ldr	r2, [r0, #4]
 358              		.loc 1 80 27 view .LVU97
 359 001e 02EBC30C 		add	ip, r2, r3, lsl #3
 360              		.loc 1 80 30 view .LVU98
 361 0022 52F83320 		ldr	r2, [r2, r3, lsl #3]
 362              		.loc 1 80 15 view .LVU99
 363 0026 8A42     		cmp	r2, r1
 364 0028 F1D1     		bne	.L21
  81:source/modules/hashmap/hashmap.c ****                 // this is it!
  82:source/modules/hashmap/hashmap.c ****                 return hm->entries[i].value;
 365              		.loc 1 82 17 is_stmt 1 view .LVU100
 366              		.loc 1 82 38 is_stmt 0 view .LVU101
 367 002a DCF80400 		ldr	r0, [ip, #4]
 368              	.LVL36:
 369              		.loc 1 82 38 view .LVU102
 370 002e 00E0     		b	.L19
 371              	.LVL37:
 372              	.L25:
 373              		.loc 1 82 38 view .LVU103
 374              	.LBE4:
  83:source/modules/hashmap/hashmap.c ****             }
  84:source/modules/hashmap/hashmap.c ****         }
  85:source/modules/hashmap/hashmap.c ****     }
  86:source/modules/hashmap/hashmap.c **** 
  87:source/modules/hashmap/hashmap.c ****     // no such key :(
  88:source/modules/hashmap/hashmap.c ****     return NULL;
 375              		.loc 1 88 12 view .LVU104
 376 0030 0020     		movs	r0, #0
 377              	.LVL38:
ARM GAS  /tmp/ccELAl81.s 			page 9


 378              	.L19:
  89:source/modules/hashmap/hashmap.c **** }
 379              		.loc 1 89 1 view .LVU105
 380 0032 5DF8044B 		ldr	r4, [sp], #4
 381              	.LCFI7:
 382              		.cfi_restore 4
 383              		.cfi_def_cfa_offset 0
 384              	.LVL39:
 385              		.loc 1 89 1 view .LVU106
 386 0036 7047     		bx	lr
 387              		.cfi_endproc
 388              	.LFE4:
 390              		.text
 391              	.Letext0:
 392              		.file 2 "/usr/lib/gcc/arm-none-eabi/11.2.0/include/stddef.h"
 393              		.file 3 "/usr/arm-none-eabi/include/machine/_default_types.h"
 394              		.file 4 "/usr/arm-none-eabi/include/sys/_stdint.h"
 395              		.file 5 "source/modules/hashmap/hashmap.h"
 396              		.file 6 "/usr/arm-none-eabi/include/stdlib.h"
ARM GAS  /tmp/ccELAl81.s 			page 10


DEFINED SYMBOLS
                            *ABS*:0000000000000000 hashmap.c
     /tmp/ccELAl81.s:18     .text.hm_create:0000000000000000 $t
     /tmp/ccELAl81.s:26     .text.hm_create:0000000000000000 hm_create
     /tmp/ccELAl81.s:82     .text.hm_destroy:0000000000000000 $t
     /tmp/ccELAl81.s:89     .text.hm_destroy:0000000000000000 hm_destroy
     /tmp/ccELAl81.s:124    .text.hm_add:0000000000000000 $t
     /tmp/ccELAl81.s:131    .text.hm_add:0000000000000000 hm_add
     /tmp/ccELAl81.s:219    .text.hm_rm:0000000000000000 $t
     /tmp/ccELAl81.s:226    .text.hm_rm:0000000000000000 hm_rm
     /tmp/ccELAl81.s:306    .text.hm_get:0000000000000000 $t
     /tmp/ccELAl81.s:313    .text.hm_get:0000000000000000 hm_get

UNDEFINED SYMBOLS
malloc
calloc
free
