ARM GAS  /tmp/ccjOKwHI.s 			page 1


   1              		.cpu cortex-m4
   2              		.eabi_attribute 27, 1
   3              		.eabi_attribute 28, 1
   4              		.eabi_attribute 20, 1
   5              		.eabi_attribute 21, 1
   6              		.eabi_attribute 23, 3
   7              		.eabi_attribute 24, 1
   8              		.eabi_attribute 25, 1
   9              		.eabi_attribute 26, 1
  10              		.eabi_attribute 30, 1
  11              		.eabi_attribute 34, 1
  12              		.eabi_attribute 18, 4
  13              		.file	"net.c"
  14              		.text
  15              	.Ltext0:
  16              		.cfi_sections	.debug_frame
  17              		.section	.text.hton16,"ax",%progbits
  18              		.align	1
  19              		.global	hton16
  20              		.arch armv7e-m
  21              		.syntax unified
  22              		.thumb
  23              		.thumb_func
  24              		.fpu fpv4-sp-d16
  26              	hton16:
  27              	.LVL0:
  28              	.LFB0:
  29              		.file 1 "source/modules/net/net.c"
   1:source/modules/net/net.c **** /*
   2:source/modules/net/net.c **** *   Generic network functions
   3:source/modules/net/net.c **** *   ntoh and hton functions assume system is little endian order (true for ARM)
   4:source/modules/net/net.c **** */
   5:source/modules/net/net.c **** #include "net.h"
   6:source/modules/net/net.c **** #include <stdlib.h>
   7:source/modules/net/net.c **** 
   8:source/modules/net/net.c **** // little endian to big endian
   9:source/modules/net/net.c **** 
  10:source/modules/net/net.c **** uint16_t hton16(uint16_t n) {
  30              		.loc 1 10 29 view -0
  31              		.cfi_startproc
  32              		@ args = 0, pretend = 0, frame = 8
  33              		@ frame_needed = 0, uses_anonymous_args = 0
  34              		@ link register save eliminated.
  35              		.loc 1 10 29 is_stmt 0 view .LVU1
  36 0000 82B0     		sub	sp, sp, #8
  37              	.LCFI0:
  38              		.cfi_def_cfa_offset 8
  11:source/modules/net/net.c ****     uint8_t ret[sizeof(uint16_t)];
  39              		.loc 1 11 5 is_stmt 1 view .LVU2
  12:source/modules/net/net.c **** 
  13:source/modules/net/net.c ****     for(size_t i = 0; i < sizeof(uint16_t); i++) {
  40              		.loc 1 13 5 view .LVU3
  41              	.LBB2:
  42              		.loc 1 13 9 view .LVU4
  43              	.LVL1:
  44              		.loc 1 13 16 is_stmt 0 view .LVU5
  45 0002 0023     		movs	r3, #0
ARM GAS  /tmp/ccjOKwHI.s 			page 2


  46              		.loc 1 13 5 view .LVU6
  47 0004 06E0     		b	.L2
  48              	.LVL2:
  49              	.L3:
  14:source/modules/net/net.c ****         ret[i] = n;
  50              		.loc 1 14 9 is_stmt 1 discriminator 3 view .LVU7
  51              		.loc 1 14 16 is_stmt 0 discriminator 3 view .LVU8
  52 0006 03F10802 		add	r2, r3, #8
  53 000a 6A44     		add	r2, sp, r2
  54 000c 02F8040C 		strb	r0, [r2, #-4]
  15:source/modules/net/net.c ****         n >>= 8;
  55              		.loc 1 15 9 is_stmt 1 discriminator 3 view .LVU9
  56              		.loc 1 15 11 is_stmt 0 discriminator 3 view .LVU10
  57 0010 000A     		lsrs	r0, r0, #8
  58              	.LVL3:
  13:source/modules/net/net.c ****         ret[i] = n;
  59              		.loc 1 13 46 is_stmt 1 discriminator 3 view .LVU11
  60 0012 0133     		adds	r3, r3, #1
  61              	.LVL4:
  62              	.L2:
  13:source/modules/net/net.c ****         ret[i] = n;
  63              		.loc 1 13 25 discriminator 1 view .LVU12
  64 0014 012B     		cmp	r3, #1
  65 0016 F6D9     		bls	.L3
  13:source/modules/net/net.c ****         ret[i] = n;
  66              		.loc 1 13 25 is_stmt 0 discriminator 1 view .LVU13
  67              	.LBE2:
  16:source/modules/net/net.c ****     }
  17:source/modules/net/net.c **** 
  18:source/modules/net/net.c ****     return *((uint16_t*)ret);
  68              		.loc 1 18 5 is_stmt 1 view .LVU14
  19:source/modules/net/net.c **** }
  69              		.loc 1 19 1 is_stmt 0 view .LVU15
  70 0018 BDF80400 		ldrh	r0, [sp, #4]
  71              	.LVL5:
  72              		.loc 1 19 1 view .LVU16
  73 001c 02B0     		add	sp, sp, #8
  74              	.LCFI1:
  75              		.cfi_def_cfa_offset 0
  76              		@ sp needed
  77 001e 7047     		bx	lr
  78              		.cfi_endproc
  79              	.LFE0:
  81              		.section	.text.hton32,"ax",%progbits
  82              		.align	1
  83              		.global	hton32
  84              		.syntax unified
  85              		.thumb
  86              		.thumb_func
  87              		.fpu fpv4-sp-d16
  89              	hton32:
  90              	.LVL6:
  91              	.LFB1:
  20:source/modules/net/net.c **** 
  21:source/modules/net/net.c **** uint32_t hton32(uint32_t n) {
  92              		.loc 1 21 29 is_stmt 1 view -0
  93              		.cfi_startproc
ARM GAS  /tmp/ccjOKwHI.s 			page 3


  94              		@ args = 0, pretend = 0, frame = 8
  95              		@ frame_needed = 0, uses_anonymous_args = 0
  96              		@ link register save eliminated.
  97              		.loc 1 21 29 is_stmt 0 view .LVU18
  98 0000 82B0     		sub	sp, sp, #8
  99              	.LCFI2:
 100              		.cfi_def_cfa_offset 8
  22:source/modules/net/net.c ****     uint8_t ret[sizeof(uint32_t)];
 101              		.loc 1 22 5 is_stmt 1 view .LVU19
  23:source/modules/net/net.c **** 
  24:source/modules/net/net.c ****     for(size_t i = 0; i < sizeof(uint32_t); i++) {
 102              		.loc 1 24 5 view .LVU20
 103              	.LBB3:
 104              		.loc 1 24 9 view .LVU21
 105              	.LVL7:
 106              		.loc 1 24 16 is_stmt 0 view .LVU22
 107 0002 0023     		movs	r3, #0
 108              		.loc 1 24 5 view .LVU23
 109 0004 06E0     		b	.L6
 110              	.LVL8:
 111              	.L7:
  25:source/modules/net/net.c ****         ret[i] = n;
 112              		.loc 1 25 9 is_stmt 1 discriminator 3 view .LVU24
 113              		.loc 1 25 16 is_stmt 0 discriminator 3 view .LVU25
 114 0006 03F10802 		add	r2, r3, #8
 115 000a 6A44     		add	r2, sp, r2
 116 000c 02F8040C 		strb	r0, [r2, #-4]
  26:source/modules/net/net.c ****         n >>= 8;
 117              		.loc 1 26 9 is_stmt 1 discriminator 3 view .LVU26
 118              		.loc 1 26 11 is_stmt 0 discriminator 3 view .LVU27
 119 0010 000A     		lsrs	r0, r0, #8
 120              	.LVL9:
  24:source/modules/net/net.c ****         ret[i] = n;
 121              		.loc 1 24 46 is_stmt 1 discriminator 3 view .LVU28
 122 0012 0133     		adds	r3, r3, #1
 123              	.LVL10:
 124              	.L6:
  24:source/modules/net/net.c ****         ret[i] = n;
 125              		.loc 1 24 25 discriminator 1 view .LVU29
 126 0014 032B     		cmp	r3, #3
 127 0016 F6D9     		bls	.L7
  24:source/modules/net/net.c ****         ret[i] = n;
 128              		.loc 1 24 25 is_stmt 0 discriminator 1 view .LVU30
 129              	.LBE3:
  27:source/modules/net/net.c ****     }
  28:source/modules/net/net.c **** 
  29:source/modules/net/net.c ****     return *((uint32_t*)ret);
 130              		.loc 1 29 5 is_stmt 1 view .LVU31
  30:source/modules/net/net.c **** }
 131              		.loc 1 30 1 is_stmt 0 view .LVU32
 132 0018 0198     		ldr	r0, [sp, #4]
 133              	.LVL11:
 134              		.loc 1 30 1 view .LVU33
 135 001a 02B0     		add	sp, sp, #8
 136              	.LCFI3:
 137              		.cfi_def_cfa_offset 0
 138              		@ sp needed
ARM GAS  /tmp/ccjOKwHI.s 			page 4


 139 001c 7047     		bx	lr
 140              		.cfi_endproc
 141              	.LFE1:
 143              		.section	.text.hton64,"ax",%progbits
 144              		.align	1
 145              		.global	hton64
 146              		.syntax unified
 147              		.thumb
 148              		.thumb_func
 149              		.fpu fpv4-sp-d16
 151              	hton64:
 152              	.LVL12:
 153              	.LFB2:
  31:source/modules/net/net.c **** 
  32:source/modules/net/net.c **** uint64_t hton64(uint64_t n) {
 154              		.loc 1 32 29 is_stmt 1 view -0
 155              		.cfi_startproc
 156              		@ args = 0, pretend = 0, frame = 8
 157              		@ frame_needed = 0, uses_anonymous_args = 0
 158              		@ link register save eliminated.
 159              		.loc 1 32 29 is_stmt 0 view .LVU35
 160 0000 82B0     		sub	sp, sp, #8
 161              	.LCFI4:
 162              		.cfi_def_cfa_offset 8
  33:source/modules/net/net.c ****     uint8_t ret[sizeof(uint64_t)];
 163              		.loc 1 33 5 is_stmt 1 view .LVU36
  34:source/modules/net/net.c **** 
  35:source/modules/net/net.c ****     for(size_t i = 0; i < sizeof(uint64_t); i++) {
 164              		.loc 1 35 5 view .LVU37
 165              	.LBB4:
 166              		.loc 1 35 9 view .LVU38
 167              	.LVL13:
 168              		.loc 1 35 16 is_stmt 0 view .LVU39
 169 0002 0023     		movs	r3, #0
 170              		.loc 1 35 5 view .LVU40
 171 0004 09E0     		b	.L10
 172              	.LVL14:
 173              	.L11:
  36:source/modules/net/net.c ****         ret[i] = n;
 174              		.loc 1 36 9 is_stmt 1 discriminator 3 view .LVU41
 175              		.loc 1 36 16 is_stmt 0 discriminator 3 view .LVU42
 176 0006 03F10802 		add	r2, r3, #8
 177 000a 6A44     		add	r2, sp, r2
 178 000c 02F8080C 		strb	r0, [r2, #-8]
  37:source/modules/net/net.c ****         n >>= 8;
 179              		.loc 1 37 9 is_stmt 1 discriminator 3 view .LVU43
 180              		.loc 1 37 11 is_stmt 0 discriminator 3 view .LVU44
 181 0010 000A     		lsrs	r0, r0, #8
 182              	.LVL15:
 183              		.loc 1 37 11 discriminator 3 view .LVU45
 184 0012 40EA0160 		orr	r0, r0, r1, lsl #24
 185 0016 090A     		lsrs	r1, r1, #8
 186              	.LVL16:
  35:source/modules/net/net.c ****         ret[i] = n;
 187              		.loc 1 35 46 is_stmt 1 discriminator 3 view .LVU46
 188 0018 0133     		adds	r3, r3, #1
 189              	.LVL17:
ARM GAS  /tmp/ccjOKwHI.s 			page 5


 190              	.L10:
  35:source/modules/net/net.c ****         ret[i] = n;
 191              		.loc 1 35 25 discriminator 1 view .LVU47
 192 001a 072B     		cmp	r3, #7
 193 001c F3D9     		bls	.L11
 194              	.LBE4:
  38:source/modules/net/net.c ****     }
  39:source/modules/net/net.c **** 
  40:source/modules/net/net.c ****     return *((uint64_t*)ret);
 195              		.loc 1 40 5 view .LVU48
  41:source/modules/net/net.c **** }
 196              		.loc 1 41 1 is_stmt 0 view .LVU49
 197 001e DDE90001 		ldrd	r0, [sp]
 198              	.LVL18:
 199              		.loc 1 41 1 view .LVU50
 200 0022 02B0     		add	sp, sp, #8
 201              	.LCFI5:
 202              		.cfi_def_cfa_offset 0
 203              		@ sp needed
 204 0024 7047     		bx	lr
 205              		.cfi_endproc
 206              	.LFE2:
 208              		.section	.text.ntoh16,"ax",%progbits
 209              		.align	1
 210              		.global	ntoh16
 211              		.syntax unified
 212              		.thumb
 213              		.thumb_func
 214              		.fpu fpv4-sp-d16
 216              	ntoh16:
 217              	.LVL19:
 218              	.LFB3:
  42:source/modules/net/net.c **** 
  43:source/modules/net/net.c **** // big endian to little endian
  44:source/modules/net/net.c **** 
  45:source/modules/net/net.c **** uint16_t ntoh16(uint16_t n) {
 219              		.loc 1 45 29 is_stmt 1 view -0
 220              		.cfi_startproc
 221              		@ args = 0, pretend = 0, frame = 8
 222              		@ frame_needed = 0, uses_anonymous_args = 0
 223              		@ link register save eliminated.
 224              		.loc 1 45 29 is_stmt 0 view .LVU52
 225 0000 82B0     		sub	sp, sp, #8
 226              	.LCFI6:
 227              		.cfi_def_cfa_offset 8
  46:source/modules/net/net.c ****     uint8_t ret[sizeof(uint16_t)];
 228              		.loc 1 46 5 is_stmt 1 view .LVU53
  47:source/modules/net/net.c **** 
  48:source/modules/net/net.c ****     for(size_t i = 0; i < sizeof(uint16_t); i++) {
 229              		.loc 1 48 5 view .LVU54
 230              	.LBB5:
 231              		.loc 1 48 9 view .LVU55
 232              	.LVL20:
 233              		.loc 1 48 16 is_stmt 0 view .LVU56
 234 0002 0023     		movs	r3, #0
 235              		.loc 1 48 5 view .LVU57
 236 0004 07E0     		b	.L14
ARM GAS  /tmp/ccjOKwHI.s 			page 6


 237              	.LVL21:
 238              	.L15:
  49:source/modules/net/net.c ****         ret[sizeof(uint16_t) - i - 1] = n;
 239              		.loc 1 49 9 is_stmt 1 discriminator 3 view .LVU58
 240              		.loc 1 49 34 is_stmt 0 discriminator 3 view .LVU59
 241 0006 C3F10102 		rsb	r2, r3, #1
 242              		.loc 1 49 39 discriminator 3 view .LVU60
 243 000a 0832     		adds	r2, r2, #8
 244 000c 6A44     		add	r2, sp, r2
 245 000e 02F8040C 		strb	r0, [r2, #-4]
  50:source/modules/net/net.c ****         n >>= 8;
 246              		.loc 1 50 9 is_stmt 1 discriminator 3 view .LVU61
 247              		.loc 1 50 11 is_stmt 0 discriminator 3 view .LVU62
 248 0012 000A     		lsrs	r0, r0, #8
 249              	.LVL22:
  48:source/modules/net/net.c ****         ret[sizeof(uint16_t) - i - 1] = n;
 250              		.loc 1 48 46 is_stmt 1 discriminator 3 view .LVU63
 251 0014 0133     		adds	r3, r3, #1
 252              	.LVL23:
 253              	.L14:
  48:source/modules/net/net.c ****         ret[sizeof(uint16_t) - i - 1] = n;
 254              		.loc 1 48 25 discriminator 1 view .LVU64
 255 0016 012B     		cmp	r3, #1
 256 0018 F5D9     		bls	.L15
  48:source/modules/net/net.c ****         ret[sizeof(uint16_t) - i - 1] = n;
 257              		.loc 1 48 25 is_stmt 0 discriminator 1 view .LVU65
 258              	.LBE5:
  51:source/modules/net/net.c ****     }
  52:source/modules/net/net.c **** 
  53:source/modules/net/net.c ****     return *((uint16_t*)ret);
 259              		.loc 1 53 5 is_stmt 1 view .LVU66
  54:source/modules/net/net.c **** }
 260              		.loc 1 54 1 is_stmt 0 view .LVU67
 261 001a BDF80400 		ldrh	r0, [sp, #4]
 262              	.LVL24:
 263              		.loc 1 54 1 view .LVU68
 264 001e 02B0     		add	sp, sp, #8
 265              	.LCFI7:
 266              		.cfi_def_cfa_offset 0
 267              		@ sp needed
 268 0020 7047     		bx	lr
 269              		.cfi_endproc
 270              	.LFE3:
 272              		.section	.text.ntoh32,"ax",%progbits
 273              		.align	1
 274              		.global	ntoh32
 275              		.syntax unified
 276              		.thumb
 277              		.thumb_func
 278              		.fpu fpv4-sp-d16
 280              	ntoh32:
 281              	.LVL25:
 282              	.LFB4:
  55:source/modules/net/net.c **** 
  56:source/modules/net/net.c **** uint32_t ntoh32(uint32_t n) {
 283              		.loc 1 56 29 is_stmt 1 view -0
 284              		.cfi_startproc
ARM GAS  /tmp/ccjOKwHI.s 			page 7


 285              		@ args = 0, pretend = 0, frame = 8
 286              		@ frame_needed = 0, uses_anonymous_args = 0
 287              		@ link register save eliminated.
 288              		.loc 1 56 29 is_stmt 0 view .LVU70
 289 0000 82B0     		sub	sp, sp, #8
 290              	.LCFI8:
 291              		.cfi_def_cfa_offset 8
  57:source/modules/net/net.c ****     uint8_t ret[sizeof(uint32_t)];
 292              		.loc 1 57 5 is_stmt 1 view .LVU71
  58:source/modules/net/net.c **** 
  59:source/modules/net/net.c ****     for(size_t i = 0; i < sizeof(uint32_t); i++) {
 293              		.loc 1 59 5 view .LVU72
 294              	.LBB6:
 295              		.loc 1 59 9 view .LVU73
 296              	.LVL26:
 297              		.loc 1 59 16 is_stmt 0 view .LVU74
 298 0002 0023     		movs	r3, #0
 299              		.loc 1 59 5 view .LVU75
 300 0004 07E0     		b	.L18
 301              	.LVL27:
 302              	.L19:
  60:source/modules/net/net.c ****         ret[sizeof(uint32_t) - i - 1] = n;
 303              		.loc 1 60 9 is_stmt 1 discriminator 3 view .LVU76
 304              		.loc 1 60 34 is_stmt 0 discriminator 3 view .LVU77
 305 0006 C3F10302 		rsb	r2, r3, #3
 306              		.loc 1 60 39 discriminator 3 view .LVU78
 307 000a 0832     		adds	r2, r2, #8
 308 000c 6A44     		add	r2, sp, r2
 309 000e 02F8040C 		strb	r0, [r2, #-4]
  61:source/modules/net/net.c ****         n >>= 8;
 310              		.loc 1 61 9 is_stmt 1 discriminator 3 view .LVU79
 311              		.loc 1 61 11 is_stmt 0 discriminator 3 view .LVU80
 312 0012 000A     		lsrs	r0, r0, #8
 313              	.LVL28:
  59:source/modules/net/net.c ****         ret[sizeof(uint32_t) - i - 1] = n;
 314              		.loc 1 59 46 is_stmt 1 discriminator 3 view .LVU81
 315 0014 0133     		adds	r3, r3, #1
 316              	.LVL29:
 317              	.L18:
  59:source/modules/net/net.c ****         ret[sizeof(uint32_t) - i - 1] = n;
 318              		.loc 1 59 25 discriminator 1 view .LVU82
 319 0016 032B     		cmp	r3, #3
 320 0018 F5D9     		bls	.L19
  59:source/modules/net/net.c ****         ret[sizeof(uint32_t) - i - 1] = n;
 321              		.loc 1 59 25 is_stmt 0 discriminator 1 view .LVU83
 322              	.LBE6:
  62:source/modules/net/net.c ****     }
  63:source/modules/net/net.c **** 
  64:source/modules/net/net.c ****     return *((uint32_t*)ret);
 323              		.loc 1 64 5 is_stmt 1 view .LVU84
  65:source/modules/net/net.c **** }
 324              		.loc 1 65 1 is_stmt 0 view .LVU85
 325 001a 0198     		ldr	r0, [sp, #4]
 326              	.LVL30:
 327              		.loc 1 65 1 view .LVU86
 328 001c 02B0     		add	sp, sp, #8
 329              	.LCFI9:
ARM GAS  /tmp/ccjOKwHI.s 			page 8


 330              		.cfi_def_cfa_offset 0
 331              		@ sp needed
 332 001e 7047     		bx	lr
 333              		.cfi_endproc
 334              	.LFE4:
 336              		.section	.text.ntoh64,"ax",%progbits
 337              		.align	1
 338              		.global	ntoh64
 339              		.syntax unified
 340              		.thumb
 341              		.thumb_func
 342              		.fpu fpv4-sp-d16
 344              	ntoh64:
 345              	.LVL31:
 346              	.LFB5:
  66:source/modules/net/net.c **** 
  67:source/modules/net/net.c **** uint64_t ntoh64(uint64_t n) {
 347              		.loc 1 67 29 is_stmt 1 view -0
 348              		.cfi_startproc
 349              		@ args = 0, pretend = 0, frame = 8
 350              		@ frame_needed = 0, uses_anonymous_args = 0
 351              		@ link register save eliminated.
 352              		.loc 1 67 29 is_stmt 0 view .LVU88
 353 0000 82B0     		sub	sp, sp, #8
 354              	.LCFI10:
 355              		.cfi_def_cfa_offset 8
  68:source/modules/net/net.c ****     uint8_t ret[sizeof(uint64_t)];
 356              		.loc 1 68 5 is_stmt 1 view .LVU89
  69:source/modules/net/net.c **** 
  70:source/modules/net/net.c ****     for(size_t i = 0; i < sizeof(uint64_t); i++) {
 357              		.loc 1 70 5 view .LVU90
 358              	.LBB7:
 359              		.loc 1 70 9 view .LVU91
 360              	.LVL32:
 361              		.loc 1 70 16 is_stmt 0 view .LVU92
 362 0002 0023     		movs	r3, #0
 363              		.loc 1 70 5 view .LVU93
 364 0004 0AE0     		b	.L22
 365              	.LVL33:
 366              	.L23:
  71:source/modules/net/net.c ****         ret[sizeof(uint64_t) - i - 1] = n;
 367              		.loc 1 71 9 is_stmt 1 discriminator 3 view .LVU94
 368              		.loc 1 71 34 is_stmt 0 discriminator 3 view .LVU95
 369 0006 C3F10702 		rsb	r2, r3, #7
 370              		.loc 1 71 39 discriminator 3 view .LVU96
 371 000a 0832     		adds	r2, r2, #8
 372 000c 6A44     		add	r2, sp, r2
 373 000e 02F8080C 		strb	r0, [r2, #-8]
  72:source/modules/net/net.c ****         n >>= 8;
 374              		.loc 1 72 9 is_stmt 1 discriminator 3 view .LVU97
 375              		.loc 1 72 11 is_stmt 0 discriminator 3 view .LVU98
 376 0012 000A     		lsrs	r0, r0, #8
 377              	.LVL34:
 378              		.loc 1 72 11 discriminator 3 view .LVU99
 379 0014 40EA0160 		orr	r0, r0, r1, lsl #24
 380 0018 090A     		lsrs	r1, r1, #8
 381              	.LVL35:
ARM GAS  /tmp/ccjOKwHI.s 			page 9


  70:source/modules/net/net.c ****         ret[sizeof(uint64_t) - i - 1] = n;
 382              		.loc 1 70 46 is_stmt 1 discriminator 3 view .LVU100
 383 001a 0133     		adds	r3, r3, #1
 384              	.LVL36:
 385              	.L22:
  70:source/modules/net/net.c ****         ret[sizeof(uint64_t) - i - 1] = n;
 386              		.loc 1 70 25 discriminator 1 view .LVU101
 387 001c 072B     		cmp	r3, #7
 388 001e F2D9     		bls	.L23
 389              	.LBE7:
  73:source/modules/net/net.c ****     }
  74:source/modules/net/net.c **** 
  75:source/modules/net/net.c ****     return *((uint64_t*)ret);
 390              		.loc 1 75 5 view .LVU102
  76:source/modules/net/net.c **** }
 391              		.loc 1 76 1 is_stmt 0 view .LVU103
 392 0020 DDE90001 		ldrd	r0, [sp]
 393              	.LVL37:
 394              		.loc 1 76 1 view .LVU104
 395 0024 02B0     		add	sp, sp, #8
 396              	.LCFI11:
 397              		.cfi_def_cfa_offset 0
 398              		@ sp needed
 399 0026 7047     		bx	lr
 400              		.cfi_endproc
 401              	.LFE5:
 403              		.text
 404              	.Letext0:
 405              		.file 2 "/usr/arm-none-eabi/include/machine/_default_types.h"
 406              		.file 3 "/usr/arm-none-eabi/include/sys/_stdint.h"
 407              		.file 4 "/usr/lib/gcc/arm-none-eabi/11.2.0/include/stddef.h"
ARM GAS  /tmp/ccjOKwHI.s 			page 10


DEFINED SYMBOLS
                            *ABS*:0000000000000000 net.c
     /tmp/ccjOKwHI.s:18     .text.hton16:0000000000000000 $t
     /tmp/ccjOKwHI.s:26     .text.hton16:0000000000000000 hton16
     /tmp/ccjOKwHI.s:82     .text.hton32:0000000000000000 $t
     /tmp/ccjOKwHI.s:89     .text.hton32:0000000000000000 hton32
     /tmp/ccjOKwHI.s:144    .text.hton64:0000000000000000 $t
     /tmp/ccjOKwHI.s:151    .text.hton64:0000000000000000 hton64
     /tmp/ccjOKwHI.s:209    .text.ntoh16:0000000000000000 $t
     /tmp/ccjOKwHI.s:216    .text.ntoh16:0000000000000000 ntoh16
     /tmp/ccjOKwHI.s:273    .text.ntoh32:0000000000000000 $t
     /tmp/ccjOKwHI.s:280    .text.ntoh32:0000000000000000 ntoh32
     /tmp/ccjOKwHI.s:337    .text.ntoh64:0000000000000000 $t
     /tmp/ccjOKwHI.s:344    .text.ntoh64:0000000000000000 ntoh64

NO UNDEFINED SYMBOLS
