ARM GAS  /tmp/ccrAopts.s 			page 1


   1              		.cpu cortex-m4
   2              		.eabi_attribute 27, 1
   3              		.eabi_attribute 28, 1
   4              		.eabi_attribute 20, 1
   5              		.eabi_attribute 21, 1
   6              		.eabi_attribute 23, 3
   7              		.eabi_attribute 24, 1
   8              		.eabi_attribute 25, 1
   9              		.eabi_attribute 26, 1
  10              		.eabi_attribute 30, 1
  11              		.eabi_attribute 34, 1
  12              		.eabi_attribute 18, 4
  13              		.file	"sio.c"
  14              		.text
  15              	.Ltext0:
  16              		.cfi_sections	.debug_frame
  17              		.section	.text.sio_init,"ax",%progbits
  18              		.align	1
  19              		.global	sio_init
  20              		.arch armv7e-m
  21              		.syntax unified
  22              		.thumb
  23              		.thumb_func
  24              		.fpu fpv4-sp-d16
  26              	sio_init:
  27              	.LFB132:
  28              		.file 1 "source/modules/sio/sio.c"
   1:source/modules/sio/sio.c **** /*
   2:source/modules/sio/sio.c **** *   Serial I/O interface for HAL
   3:source/modules/sio/sio.c **** *   Retargets _write and _read to use serial for use with stdio
   4:source/modules/sio/sio.c **** *
   5:source/modules/sio/sio.c **** *   Author: Will Merges
   6:source/modules/sio/sio.c **** */
   7:source/modules/sio/sio.c **** #include "sio.h"
   8:source/modules/sio/sio.c **** #include "sio_config.h"
   9:source/modules/sio/sio.c **** #include "usart.h"
  10:source/modules/sio/sio.c **** #include "common.h"
  11:source/modules/sio/sio.c **** #include "queue.h"
  12:source/modules/sio/sio.c **** #include "ringbuff.h"
  13:source/modules/sio/sio.c **** #include <stdint.h>
  14:source/modules/sio/sio.c **** #include <stdlib.h>
  15:source/modules/sio/sio.c **** #include <string.h>
  16:source/modules/sio/sio.c **** 
  17:source/modules/sio/sio.c **** static queue_t* tx_queue[NUM_UARTS];
  18:source/modules/sio/sio.c **** 
  19:source/modules/sio/sio.c **** static uint8_t rx_byte[NUM_UARTS];
  20:source/modules/sio/sio.c **** static uint8_t rx_buffer[NUM_UARTS][RX_BUFFER_SIZE];
  21:source/modules/sio/sio.c **** static ringbuff_t rx_rb[NUM_UARTS];
  22:source/modules/sio/sio.c **** 
  23:source/modules/sio/sio.c **** static void (*callback_funcs[NUM_UARTS]) ();
  24:source/modules/sio/sio.c **** 
  25:source/modules/sio/sio.c **** // message type used for queueing messages
  26:source/modules/sio/sio.c **** typedef struct {
  27:source/modules/sio/sio.c ****     uint8_t* data;
  28:source/modules/sio/sio.c ****     uint16_t len;
  29:source/modules/sio/sio.c **** } msg_node_t;
  30:source/modules/sio/sio.c **** 
ARM GAS  /tmp/ccrAopts.s 			page 2


  31:source/modules/sio/sio.c **** // does initialization for using the sys library
  32:source/modules/sio/sio.c **** // returns -1 on failure, 1 otherwise
  33:source/modules/sio/sio.c **** int sio_init() {
  29              		.loc 1 33 16 view -0
  30              		.cfi_startproc
  31              		@ args = 0, pretend = 0, frame = 0
  32              		@ frame_needed = 0, uses_anonymous_args = 0
  33 0000 10B5     		push	{r4, lr}
  34              	.LCFI0:
  35              		.cfi_def_cfa_offset 8
  36              		.cfi_offset 4, -8
  37              		.cfi_offset 14, -4
  34:source/modules/sio/sio.c ****     // initialize queues
  35:source/modules/sio/sio.c ****     for(size_t i = 0; i < NUM_UARTS; i++) {
  38              		.loc 1 35 5 view .LVU1
  39              	.LBB2:
  40              		.loc 1 35 9 view .LVU2
  41              	.LVL0:
  42              		.loc 1 35 16 is_stmt 0 view .LVU3
  43 0002 0024     		movs	r4, #0
  44              		.loc 1 35 5 view .LVU4
  45 0004 15E0     		b	.L2
  46              	.LVL1:
  47              	.L8:
  36:source/modules/sio/sio.c ****         tx_queue[i] = q_mkqueue(NULL);
  37:source/modules/sio/sio.c **** 
  38:source/modules/sio/sio.c ****         if(!tx_queue[i]) {
  39:source/modules/sio/sio.c ****             // failure to allocate
  40:source/modules/sio/sio.c ****             return -1;
  41:source/modules/sio/sio.c ****         }
  42:source/modules/sio/sio.c **** 
  43:source/modules/sio/sio.c ****         rb_init(&(rx_rb[i]), rx_buffer[i], RX_BUFFER_SIZE, 1);
  48              		.loc 1 43 9 is_stmt 1 discriminator 2 view .LVU5
  49 0006 04EB440C 		add	ip, r4, r4, lsl #1
  50 000a 0123     		movs	r3, #1
  51 000c 4FF48062 		mov	r2, #1024
  52 0010 0F49     		ldr	r1, .L9
  53 0012 01EB8421 		add	r1, r1, r4, lsl #10
  54 0016 0F48     		ldr	r0, .L9+4
  55 0018 00EBCC00 		add	r0, r0, ip, lsl #3
  56 001c FFF7FEFF 		bl	rb_init
  57              	.LVL2:
  44:source/modules/sio/sio.c ****         HAL_UART_Receive_IT(uarts[i], &(rx_byte[i]), 1);
  58              		.loc 1 44 9 discriminator 2 view .LVU6
  59 0020 0122     		movs	r2, #1
  60 0022 0D49     		ldr	r1, .L9+8
  61 0024 2144     		add	r1, r1, r4
  62 0026 0D4B     		ldr	r3, .L9+12
  63 0028 53F82400 		ldr	r0, [r3, r4, lsl #2]
  64 002c FFF7FEFF 		bl	HAL_UART_Receive_IT
  65              	.LVL3:
  35:source/modules/sio/sio.c ****         tx_queue[i] = q_mkqueue(NULL);
  66              		.loc 1 35 39 discriminator 2 view .LVU7
  67 0030 0134     		adds	r4, r4, #1
  68              	.LVL4:
  69              	.L2:
  35:source/modules/sio/sio.c ****         tx_queue[i] = q_mkqueue(NULL);
ARM GAS  /tmp/ccrAopts.s 			page 3


  70              		.loc 1 35 25 discriminator 1 view .LVU8
  71 0032 022C     		cmp	r4, #2
  72 0034 0AD8     		bhi	.L7
  36:source/modules/sio/sio.c ****         tx_queue[i] = q_mkqueue(NULL);
  73              		.loc 1 36 9 view .LVU9
  36:source/modules/sio/sio.c ****         tx_queue[i] = q_mkqueue(NULL);
  74              		.loc 1 36 23 is_stmt 0 view .LVU10
  75 0036 0020     		movs	r0, #0
  76 0038 FFF7FEFF 		bl	q_mkqueue
  77              	.LVL5:
  36:source/modules/sio/sio.c ****         tx_queue[i] = q_mkqueue(NULL);
  78              		.loc 1 36 21 view .LVU11
  79 003c 084B     		ldr	r3, .L9+16
  80 003e 43F82400 		str	r0, [r3, r4, lsl #2]
  38:source/modules/sio/sio.c ****             // failure to allocate
  81              		.loc 1 38 9 is_stmt 1 view .LVU12
  38:source/modules/sio/sio.c ****             // failure to allocate
  82              		.loc 1 38 11 is_stmt 0 view .LVU13
  83 0042 0028     		cmp	r0, #0
  84 0044 DFD1     		bne	.L8
  40:source/modules/sio/sio.c ****         }
  85              		.loc 1 40 20 view .LVU14
  86 0046 4FF0FF30 		mov	r0, #-1
  87 004a 00E0     		b	.L1
  88              	.L7:
  89              	.LBE2:
  45:source/modules/sio/sio.c ****     }
  46:source/modules/sio/sio.c **** 
  47:source/modules/sio/sio.c ****     return 1;
  90              		.loc 1 47 12 view .LVU15
  91 004c 0120     		movs	r0, #1
  92              	.L1:
  48:source/modules/sio/sio.c **** }
  93              		.loc 1 48 1 view .LVU16
  94 004e 10BD     		pop	{r4, pc}
  95              	.LVL6:
  96              	.L10:
  97              		.loc 1 48 1 view .LVU17
  98              		.align	2
  99              	.L9:
 100 0050 00000000 		.word	.LANCHOR1
 101 0054 00000000 		.word	.LANCHOR2
 102 0058 00000000 		.word	.LANCHOR3
 103 005c 00000000 		.word	.LANCHOR4
 104 0060 00000000 		.word	.LANCHOR0
 105              		.cfi_endproc
 106              	.LFE132:
 108              		.section	.text.HAL_UART_TxCpltCallback,"ax",%progbits
 109              		.align	1
 110              		.global	HAL_UART_TxCpltCallback
 111              		.syntax unified
 112              		.thumb
 113              		.thumb_func
 114              		.fpu fpv4-sp-d16
 116              	HAL_UART_TxCpltCallback:
 117              	.LVL7:
 118              	.LFB133:
ARM GAS  /tmp/ccrAopts.s 			page 4


  49:source/modules/sio/sio.c **** 
  50:source/modules/sio/sio.c **** 
  51:source/modules/sio/sio.c **** // TX complete, called by the HAL UART IRQ
  52:source/modules/sio/sio.c **** void HAL_UART_TxCpltCallback(UART_HandleTypeDef *huart) {
 119              		.loc 1 52 57 is_stmt 1 view -0
 120              		.cfi_startproc
 121              		@ args = 0, pretend = 0, frame = 0
 122              		@ frame_needed = 0, uses_anonymous_args = 0
 123              		.loc 1 52 57 is_stmt 0 view .LVU19
 124 0000 70B5     		push	{r4, r5, r6, lr}
 125              	.LCFI1:
 126              		.cfi_def_cfa_offset 16
 127              		.cfi_offset 4, -16
 128              		.cfi_offset 5, -12
 129              		.cfi_offset 6, -8
 130              		.cfi_offset 14, -4
  53:source/modules/sio/sio.c ****     size_t i;
 131              		.loc 1 53 5 is_stmt 1 view .LVU20
  54:source/modules/sio/sio.c ****     for(i = 0; i < NUM_UARTS; i++) {
 132              		.loc 1 54 5 view .LVU21
 133              	.LVL8:
 134              		.loc 1 54 11 is_stmt 0 view .LVU22
 135 0002 0024     		movs	r4, #0
 136              		.loc 1 54 5 view .LVU23
 137 0004 00E0     		b	.L12
 138              	.LVL9:
 139              	.L17:
 140              		.loc 1 54 32 is_stmt 1 discriminator 2 view .LVU24
 141 0006 0134     		adds	r4, r4, #1
 142              	.LVL10:
 143              	.L12:
 144              		.loc 1 54 18 discriminator 1 view .LVU25
 145 0008 022C     		cmp	r4, #2
 146 000a 04D8     		bhi	.L13
  55:source/modules/sio/sio.c ****         if(huart == uarts[i]) {
 147              		.loc 1 55 9 view .LVU26
 148              		.loc 1 55 26 is_stmt 0 view .LVU27
 149 000c 0E4B     		ldr	r3, .L18
 150 000e 53F82430 		ldr	r3, [r3, r4, lsl #2]
 151              		.loc 1 55 11 view .LVU28
 152 0012 8342     		cmp	r3, r0
 153 0014 F7D1     		bne	.L17
 154              	.L13:
  56:source/modules/sio/sio.c ****             break;
  57:source/modules/sio/sio.c ****         }
  58:source/modules/sio/sio.c ****     }
  59:source/modules/sio/sio.c **** 
  60:source/modules/sio/sio.c ****     #ifdef DEBUG
  61:source/modules/sio/sio.c ****     printf("software error: got callback for unknown UART\r\n");
  62:source/modules/sio/sio.c ****     return;
  63:source/modules/sio/sio.c ****     #endif
  64:source/modules/sio/sio.c **** 
  65:source/modules/sio/sio.c ****     // the message we just sent
  66:source/modules/sio/sio.c ****     msg_node_t* msg = (msg_node_t*)q_dequeue(tx_queue[i]);
 155              		.loc 1 66 5 is_stmt 1 view .LVU29
 156              		.loc 1 66 36 is_stmt 0 view .LVU30
 157 0016 0D4E     		ldr	r6, .L18+4
ARM GAS  /tmp/ccrAopts.s 			page 5


 158 0018 56F82400 		ldr	r0, [r6, r4, lsl #2]
 159              	.LVL11:
 160              		.loc 1 66 36 view .LVU31
 161 001c FFF7FEFF 		bl	q_dequeue
 162              	.LVL12:
 163 0020 0546     		mov	r5, r0
 164              	.LVL13:
  67:source/modules/sio/sio.c ****     free(msg->data);
 165              		.loc 1 67 5 is_stmt 1 view .LVU32
 166 0022 0068     		ldr	r0, [r0]
 167              	.LVL14:
 168              		.loc 1 67 5 is_stmt 0 view .LVU33
 169 0024 FFF7FEFF 		bl	free
 170              	.LVL15:
  68:source/modules/sio/sio.c ****     free(msg);
 171              		.loc 1 68 5 is_stmt 1 view .LVU34
 172 0028 2846     		mov	r0, r5
 173 002a FFF7FEFF 		bl	free
 174              	.LVL16:
  69:source/modules/sio/sio.c **** 
  70:source/modules/sio/sio.c ****     // next message to send (if available)
  71:source/modules/sio/sio.c ****     msg = (msg_node_t*)q_peek(tx_queue[i]);
 175              		.loc 1 71 5 view .LVU35
 176              		.loc 1 71 24 is_stmt 0 view .LVU36
 177 002e 56F82400 		ldr	r0, [r6, r4, lsl #2]
 178 0032 FFF7FEFF 		bl	q_peek
 179              	.LVL17:
  72:source/modules/sio/sio.c **** 
  73:source/modules/sio/sio.c ****     if(msg) {
 180              		.loc 1 73 5 is_stmt 1 view .LVU37
 181              		.loc 1 73 7 is_stmt 0 view .LVU38
 182 0036 30B1     		cbz	r0, .L11
  74:source/modules/sio/sio.c ****         HAL_UART_Transmit_DMA(uarts[i], msg->data, msg->len);
 183              		.loc 1 74 9 is_stmt 1 view .LVU39
 184 0038 8288     		ldrh	r2, [r0, #4]
 185 003a 0168     		ldr	r1, [r0]
 186 003c 024B     		ldr	r3, .L18
 187 003e 53F82400 		ldr	r0, [r3, r4, lsl #2]
 188              	.LVL18:
 189              		.loc 1 74 9 is_stmt 0 view .LVU40
 190 0042 FFF7FEFF 		bl	HAL_UART_Transmit_DMA
 191              	.LVL19:
 192              	.L11:
  75:source/modules/sio/sio.c ****     }
  76:source/modules/sio/sio.c **** }
 193              		.loc 1 76 1 view .LVU41
 194 0046 70BD     		pop	{r4, r5, r6, pc}
 195              	.LVL20:
 196              	.L19:
 197              		.loc 1 76 1 view .LVU42
 198              		.align	2
 199              	.L18:
 200 0048 00000000 		.word	.LANCHOR4
 201 004c 00000000 		.word	.LANCHOR0
 202              		.cfi_endproc
 203              	.LFE133:
 205              		.section	.text.HAL_UART_RxCpltCallback,"ax",%progbits
ARM GAS  /tmp/ccrAopts.s 			page 6


 206              		.align	1
 207              		.global	HAL_UART_RxCpltCallback
 208              		.syntax unified
 209              		.thumb
 210              		.thumb_func
 211              		.fpu fpv4-sp-d16
 213              	HAL_UART_RxCpltCallback:
 214              	.LVL21:
 215              	.LFB134:
  77:source/modules/sio/sio.c **** 
  78:source/modules/sio/sio.c **** 
  79:source/modules/sio/sio.c **** // RX complete, called by the HAL UART IRQ
  80:source/modules/sio/sio.c **** void HAL_UART_RxCpltCallback(UART_HandleTypeDef *huart) {
 216              		.loc 1 80 57 is_stmt 1 view -0
 217              		.cfi_startproc
 218              		@ args = 0, pretend = 0, frame = 0
 219              		@ frame_needed = 0, uses_anonymous_args = 0
 220              		.loc 1 80 57 is_stmt 0 view .LVU44
 221 0000 38B5     		push	{r3, r4, r5, lr}
 222              	.LCFI2:
 223              		.cfi_def_cfa_offset 16
 224              		.cfi_offset 3, -16
 225              		.cfi_offset 4, -12
 226              		.cfi_offset 5, -8
 227              		.cfi_offset 14, -4
  81:source/modules/sio/sio.c ****     size_t i;
 228              		.loc 1 81 5 is_stmt 1 view .LVU45
  82:source/modules/sio/sio.c ****     for(i = 0; i < NUM_UARTS; i++) {
 229              		.loc 1 82 5 view .LVU46
 230              	.LVL22:
 231              		.loc 1 82 11 is_stmt 0 view .LVU47
 232 0002 0024     		movs	r4, #0
 233              		.loc 1 82 5 view .LVU48
 234 0004 00E0     		b	.L21
 235              	.LVL23:
 236              	.L27:
 237              		.loc 1 82 32 is_stmt 1 discriminator 2 view .LVU49
 238 0006 0134     		adds	r4, r4, #1
 239              	.LVL24:
 240              	.L21:
 241              		.loc 1 82 18 discriminator 1 view .LVU50
 242 0008 022C     		cmp	r4, #2
 243 000a 04D8     		bhi	.L22
  83:source/modules/sio/sio.c ****         if(huart == uarts[i]) {
 244              		.loc 1 83 9 view .LVU51
 245              		.loc 1 83 26 is_stmt 0 view .LVU52
 246 000c 0F4B     		ldr	r3, .L28
 247 000e 53F82430 		ldr	r3, [r3, r4, lsl #2]
 248              		.loc 1 83 11 view .LVU53
 249 0012 8342     		cmp	r3, r0
 250 0014 F7D1     		bne	.L27
 251              	.L22:
  84:source/modules/sio/sio.c ****             break;
  85:source/modules/sio/sio.c ****         }
  86:source/modules/sio/sio.c ****     }
  87:source/modules/sio/sio.c **** 
  88:source/modules/sio/sio.c ****     if(rb_memcpyin(&(rx_rb[i]), &(rx_byte[i]), 1) != 1) {
ARM GAS  /tmp/ccrAopts.s 			page 7


 252              		.loc 1 88 5 is_stmt 1 view .LVU54
 253              		.loc 1 88 8 is_stmt 0 view .LVU55
 254 0016 0E4D     		ldr	r5, .L28+4
 255 0018 2544     		add	r5, r5, r4
 256 001a 04EB4400 		add	r0, r4, r4, lsl #1
 257              	.LVL25:
 258              		.loc 1 88 8 view .LVU56
 259 001e 0122     		movs	r2, #1
 260 0020 2946     		mov	r1, r5
 261 0022 0C4B     		ldr	r3, .L28+8
 262 0024 03EBC000 		add	r0, r3, r0, lsl #3
 263 0028 FFF7FEFF 		bl	rb_memcpyin
 264              	.LVL26:
 265              		.loc 1 88 7 view .LVU57
 266 002c 0128     		cmp	r0, #1
 267 002e 0BD1     		bne	.L20
  89:source/modules/sio/sio.c ****         #ifdef DEBUG
  90:source/modules/sio/sio.c ****         printf("unexpected error: ringbuff write failure\r\n");
  91:source/modules/sio/sio.c ****         #endif
  92:source/modules/sio/sio.c **** 
  93:source/modules/sio/sio.c ****         return;
  94:source/modules/sio/sio.c ****     }
  95:source/modules/sio/sio.c **** 
  96:source/modules/sio/sio.c ****     if(callback_funcs[i]) {
 268              		.loc 1 96 5 is_stmt 1 view .LVU58
 269              		.loc 1 96 22 is_stmt 0 view .LVU59
 270 0030 094B     		ldr	r3, .L28+12
 271 0032 53F82430 		ldr	r3, [r3, r4, lsl #2]
 272              		.loc 1 96 7 view .LVU60
 273 0036 03B1     		cbz	r3, .L25
  97:source/modules/sio/sio.c ****         callback_funcs[i]();
 274              		.loc 1 97 9 is_stmt 1 view .LVU61
 275 0038 9847     		blx	r3
 276              	.LVL27:
 277              	.L25:
  98:source/modules/sio/sio.c ****     }
  99:source/modules/sio/sio.c **** 
 100:source/modules/sio/sio.c ****     HAL_UART_Receive_IT(uarts[i], &(rx_byte[i]), 1);
 278              		.loc 1 100 5 view .LVU62
 279 003a 0122     		movs	r2, #1
 280 003c 2946     		mov	r1, r5
 281 003e 034B     		ldr	r3, .L28
 282 0040 53F82400 		ldr	r0, [r3, r4, lsl #2]
 283 0044 FFF7FEFF 		bl	HAL_UART_Receive_IT
 284              	.LVL28:
 285              	.L20:
 101:source/modules/sio/sio.c **** }
 286              		.loc 1 101 1 is_stmt 0 view .LVU63
 287 0048 38BD     		pop	{r3, r4, r5, pc}
 288              	.LVL29:
 289              	.L29:
 290              		.loc 1 101 1 view .LVU64
 291 004a 00BF     		.align	2
 292              	.L28:
 293 004c 00000000 		.word	.LANCHOR4
 294 0050 00000000 		.word	.LANCHOR3
 295 0054 00000000 		.word	.LANCHOR2
ARM GAS  /tmp/ccrAopts.s 			page 8


 296 0058 00000000 		.word	.LANCHOR5
 297              		.cfi_endproc
 298              	.LFE134:
 300              		.section	.text.sio_write,"ax",%progbits
 301              		.align	1
 302              		.global	sio_write
 303              		.syntax unified
 304              		.thumb
 305              		.thumb_func
 306              		.fpu fpv4-sp-d16
 308              	sio_write:
 309              	.LVL30:
 310              	.LFB135:
 102:source/modules/sio/sio.c **** 
 103:source/modules/sio/sio.c **** 
 104:source/modules/sio/sio.c **** // nonblocking, initiates a DMA transfer or queues it if the UART controller is busy
 105:source/modules/sio/sio.c **** int sio_write(int fd, char *buff, int len) {
 311              		.loc 1 105 44 is_stmt 1 view -0
 312              		.cfi_startproc
 313              		@ args = 0, pretend = 0, frame = 0
 314              		@ frame_needed = 0, uses_anonymous_args = 0
 106:source/modules/sio/sio.c ****     if(fd >= NUM_UARTS || fd < 0) {
 315              		.loc 1 106 5 view .LVU66
 316              		.loc 1 106 7 is_stmt 0 view .LVU67
 317 0000 0228     		cmp	r0, #2
 318 0002 28D8     		bhi	.L34
 105:source/modules/sio/sio.c ****     if(fd >= NUM_UARTS || fd < 0) {
 319              		.loc 1 105 44 view .LVU68
 320 0004 F8B5     		push	{r3, r4, r5, r6, r7, lr}
 321              	.LCFI3:
 322              		.cfi_def_cfa_offset 24
 323              		.cfi_offset 3, -24
 324              		.cfi_offset 4, -20
 325              		.cfi_offset 5, -16
 326              		.cfi_offset 6, -12
 327              		.cfi_offset 7, -8
 328              		.cfi_offset 14, -4
 329 0006 0746     		mov	r7, r0
 330 0008 0E46     		mov	r6, r1
 331 000a 1446     		mov	r4, r2
 107:source/modules/sio/sio.c ****         // invalid index
 108:source/modules/sio/sio.c ****         return -1;
 109:source/modules/sio/sio.c ****     }
 110:source/modules/sio/sio.c **** 
 111:source/modules/sio/sio.c ****     msg_node_t* msg = (msg_node_t*)malloc(sizeof(msg_node_t));
 332              		.loc 1 111 5 is_stmt 1 view .LVU69
 333              		.loc 1 111 36 is_stmt 0 view .LVU70
 334 000c 0820     		movs	r0, #8
 335              	.LVL31:
 336              		.loc 1 111 36 view .LVU71
 337 000e FFF7FEFF 		bl	malloc
 338              	.LVL32:
 339              		.loc 1 111 36 view .LVU72
 340 0012 0546     		mov	r5, r0
 341              	.LVL33:
 112:source/modules/sio/sio.c ****     msg->data = (uint8_t*)malloc(sizeof(char) * len);
 342              		.loc 1 112 5 is_stmt 1 view .LVU73
ARM GAS  /tmp/ccrAopts.s 			page 9


 343              		.loc 1 112 27 is_stmt 0 view .LVU74
 344 0014 2046     		mov	r0, r4
 345              	.LVL34:
 346              		.loc 1 112 27 view .LVU75
 347 0016 FFF7FEFF 		bl	malloc
 348              	.LVL35:
 349              		.loc 1 112 15 view .LVU76
 350 001a 2860     		str	r0, [r5]
 113:source/modules/sio/sio.c ****     memcpy(msg->data, buff, len);
 351              		.loc 1 113 5 is_stmt 1 view .LVU77
 352 001c 2246     		mov	r2, r4
 353 001e 3146     		mov	r1, r6
 354 0020 FFF7FEFF 		bl	memcpy
 355              	.LVL36:
 114:source/modules/sio/sio.c ****     msg->len = len;
 356              		.loc 1 114 5 view .LVU78
 357              		.loc 1 114 14 is_stmt 0 view .LVU79
 358 0024 A6B2     		uxth	r6, r4
 359              	.LVL37:
 360              		.loc 1 114 14 view .LVU80
 361 0026 AE80     		strh	r6, [r5, #4]	@ movhi
 115:source/modules/sio/sio.c **** 
 116:source/modules/sio/sio.c ****     disable_irq;
 362              		.loc 1 116 5 is_stmt 1 view .LVU81
 363              		.syntax unified
 364              	@ 116 "source/modules/sio/sio.c" 1
 365 0028 72B6     		cpsid i
 366              	@ 0 "" 2
 367              		.loc 1 116 16 view .LVU82
 117:source/modules/sio/sio.c **** 
 118:source/modules/sio/sio.c ****     // if tx_ready is true, queue is always empty
 119:source/modules/sio/sio.c ****     if(QUEUE_EMPTY(tx_queue[fd])) {
 368              		.loc 1 119 5 view .LVU83
 369              		.loc 1 119 8 is_stmt 0 view .LVU84
 370              		.thumb
 371              		.syntax unified
 372 002a 0C4B     		ldr	r3, .L40
 373 002c 53F82700 		ldr	r0, [r3, r7, lsl #2]
 374 0030 0368     		ldr	r3, [r0]
 375              		.loc 1 119 7 view .LVU85
 376 0032 2BB1     		cbz	r3, .L39
 120:source/modules/sio/sio.c ****         // we can send right away
 121:source/modules/sio/sio.c ****         q_enqueue(tx_queue[fd], msg);
 122:source/modules/sio/sio.c ****         HAL_UART_Transmit_DMA(uarts[fd], msg->data, len);
 123:source/modules/sio/sio.c ****     } else {
 124:source/modules/sio/sio.c ****         q_enqueue(tx_queue[fd], msg);
 377              		.loc 1 124 9 is_stmt 1 view .LVU86
 378 0034 2946     		mov	r1, r5
 379 0036 FFF7FEFF 		bl	q_enqueue
 380              	.LVL38:
 381              	.L33:
 125:source/modules/sio/sio.c ****     }
 126:source/modules/sio/sio.c **** 
 127:source/modules/sio/sio.c ****     enable_irq;
 382              		.loc 1 127 5 view .LVU87
 383              		.syntax unified
 384              	@ 127 "source/modules/sio/sio.c" 1
ARM GAS  /tmp/ccrAopts.s 			page 10


 385 003a 62B6     		cpsie i
 386              	@ 0 "" 2
 387              		.loc 1 127 15 view .LVU88
 128:source/modules/sio/sio.c **** 
 129:source/modules/sio/sio.c ****     return len;
 388              		.loc 1 129 5 view .LVU89
 389              		.loc 1 129 12 is_stmt 0 view .LVU90
 390              		.thumb
 391              		.syntax unified
 392 003c 2046     		mov	r0, r4
 130:source/modules/sio/sio.c **** }
 393              		.loc 1 130 1 view .LVU91
 394 003e F8BD     		pop	{r3, r4, r5, r6, r7, pc}
 395              	.LVL39:
 396              	.L39:
 121:source/modules/sio/sio.c ****         HAL_UART_Transmit_DMA(uarts[fd], msg->data, len);
 397              		.loc 1 121 9 is_stmt 1 view .LVU92
 398 0040 2946     		mov	r1, r5
 399 0042 FFF7FEFF 		bl	q_enqueue
 400              	.LVL40:
 122:source/modules/sio/sio.c ****     } else {
 401              		.loc 1 122 9 view .LVU93
 402 0046 3246     		mov	r2, r6
 403 0048 2968     		ldr	r1, [r5]
 404 004a 054B     		ldr	r3, .L40+4
 405 004c 53F82700 		ldr	r0, [r3, r7, lsl #2]
 406 0050 FFF7FEFF 		bl	HAL_UART_Transmit_DMA
 407              	.LVL41:
 408 0054 F1E7     		b	.L33
 409              	.LVL42:
 410              	.L34:
 411              	.LCFI4:
 412              		.cfi_def_cfa_offset 0
 413              		.cfi_restore 3
 414              		.cfi_restore 4
 415              		.cfi_restore 5
 416              		.cfi_restore 6
 417              		.cfi_restore 7
 418              		.cfi_restore 14
 108:source/modules/sio/sio.c ****     }
 419              		.loc 1 108 16 is_stmt 0 view .LVU94
 420 0056 4FF0FF30 		mov	r0, #-1
 421              	.LVL43:
 422              		.loc 1 130 1 view .LVU95
 423 005a 7047     		bx	lr
 424              	.L41:
 425              		.align	2
 426              	.L40:
 427 005c 00000000 		.word	.LANCHOR0
 428 0060 00000000 		.word	.LANCHOR4
 429              		.cfi_endproc
 430              	.LFE135:
 432              		.global	_write
 433              		.thumb_set _write,sio_write
 434              		.section	.text.sio_read,"ax",%progbits
 435              		.align	1
 436              		.global	sio_read
ARM GAS  /tmp/ccrAopts.s 			page 11


 437              		.syntax unified
 438              		.thumb
 439              		.thumb_func
 440              		.fpu fpv4-sp-d16
 442              	sio_read:
 443              	.LVL44:
 444              	.LFB136:
 131:source/modules/sio/sio.c **** 
 132:source/modules/sio/sio.c **** 
 133:source/modules/sio/sio.c **** // read a certain amount of characters
 134:source/modules/sio/sio.c **** // returns amount of characters actually read up to length len
 135:source/modules/sio/sio.c **** int sio_read(int fd, char* buff, int len) {
 445              		.loc 1 135 43 is_stmt 1 view -0
 446              		.cfi_startproc
 447              		@ args = 0, pretend = 0, frame = 0
 448              		@ frame_needed = 0, uses_anonymous_args = 0
 449              		.loc 1 135 43 is_stmt 0 view .LVU97
 450 0000 08B5     		push	{r3, lr}
 451              	.LCFI5:
 452              		.cfi_def_cfa_offset 8
 453              		.cfi_offset 3, -8
 454              		.cfi_offset 14, -4
 455 0002 0346     		mov	r3, r0
 136:source/modules/sio/sio.c ****     if(fd >= NUM_UARTS || fd < 0) {
 456              		.loc 1 136 5 is_stmt 1 view .LVU98
 457              		.loc 1 136 7 is_stmt 0 view .LVU99
 458 0004 0228     		cmp	r0, #2
 459 0006 0AD8     		bhi	.L44
 460 0008 0846     		mov	r0, r1
 461              	.LVL45:
 137:source/modules/sio/sio.c ****         // invalid index
 138:source/modules/sio/sio.c ****         return -1;
 139:source/modules/sio/sio.c ****     }
 140:source/modules/sio/sio.c **** 
 141:source/modules/sio/sio.c ****     if(len < 0) {
 462              		.loc 1 141 5 is_stmt 1 view .LVU100
 463              		.loc 1 141 7 is_stmt 0 view .LVU101
 464 000a 002A     		cmp	r2, #0
 465 000c 0ADB     		blt	.L45
 142:source/modules/sio/sio.c ****         // invalid
 143:source/modules/sio/sio.c ****         return -1;
 144:source/modules/sio/sio.c ****     }
 145:source/modules/sio/sio.c **** 
 146:source/modules/sio/sio.c ****     // will return actual number of bytes we can read
 147:source/modules/sio/sio.c ****     return rb_memcpyout((uint8_t*)buff, &(rx_rb[fd]), len);
 466              		.loc 1 147 5 is_stmt 1 view .LVU102
 467              		.loc 1 147 12 is_stmt 0 view .LVU103
 468 000e 03EB4303 		add	r3, r3, r3, lsl #1
 469              	.LVL46:
 470              		.loc 1 147 12 view .LVU104
 471 0012 0649     		ldr	r1, .L47
 472              	.LVL47:
 473              		.loc 1 147 12 view .LVU105
 474 0014 01EBC301 		add	r1, r1, r3, lsl #3
 475 0018 FFF7FEFF 		bl	rb_memcpyout
 476              	.LVL48:
 477              	.L42:
ARM GAS  /tmp/ccrAopts.s 			page 12


 148:source/modules/sio/sio.c **** }
 478              		.loc 1 148 1 view .LVU106
 479 001c 08BD     		pop	{r3, pc}
 480              	.LVL49:
 481              	.L44:
 138:source/modules/sio/sio.c ****     }
 482              		.loc 1 138 16 view .LVU107
 483 001e 4FF0FF30 		mov	r0, #-1
 484              	.LVL50:
 138:source/modules/sio/sio.c ****     }
 485              		.loc 1 138 16 view .LVU108
 486 0022 FBE7     		b	.L42
 487              	.LVL51:
 488              	.L45:
 143:source/modules/sio/sio.c ****     }
 489              		.loc 1 143 16 view .LVU109
 490 0024 4FF0FF30 		mov	r0, #-1
 491              	.LVL52:
 143:source/modules/sio/sio.c ****     }
 492              		.loc 1 143 16 view .LVU110
 493 0028 F8E7     		b	.L42
 494              	.L48:
 495 002a 00BF     		.align	2
 496              	.L47:
 497 002c 00000000 		.word	.LANCHOR2
 498              		.cfi_endproc
 499              	.LFE136:
 501              		.global	_read
 502              		.thumb_set _read,sio_read
 503              		.section	.text.sio_available,"ax",%progbits
 504              		.align	1
 505              		.global	sio_available
 506              		.syntax unified
 507              		.thumb
 508              		.thumb_func
 509              		.fpu fpv4-sp-d16
 511              	sio_available:
 512              	.LVL53:
 513              	.LFB137:
 149:source/modules/sio/sio.c **** 
 150:source/modules/sio/sio.c **** int _write(int fd, char* buff, int len) __attribute__((alias("sio_write")));
 151:source/modules/sio/sio.c **** int _read(int fd, char* buff, int len) __attribute__((alias("sio_read")));
 152:source/modules/sio/sio.c **** 
 153:source/modules/sio/sio.c **** // return how many bytes are available
 154:source/modules/sio/sio.c **** size_t sio_available(int fd) {
 514              		.loc 1 154 30 is_stmt 1 view -0
 515              		.cfi_startproc
 516              		@ args = 0, pretend = 0, frame = 0
 517              		@ frame_needed = 0, uses_anonymous_args = 0
 518              		@ link register save eliminated.
 155:source/modules/sio/sio.c ****     if(fd >= NUM_UARTS || fd < 0) {
 519              		.loc 1 155 5 view .LVU112
 520              		.loc 1 155 7 is_stmt 0 view .LVU113
 521 0000 0228     		cmp	r0, #2
 522 0002 06D8     		bhi	.L51
 156:source/modules/sio/sio.c ****         // invalid index
 157:source/modules/sio/sio.c ****         return 0;
ARM GAS  /tmp/ccrAopts.s 			page 13


 158:source/modules/sio/sio.c ****     }
 159:source/modules/sio/sio.c **** 
 160:source/modules/sio/sio.c ****     return rx_rb[fd].len;
 523              		.loc 1 160 5 is_stmt 1 view .LVU114
 524              		.loc 1 160 21 is_stmt 0 view .LVU115
 525 0004 00EB4000 		add	r0, r0, r0, lsl #1
 526              	.LVL54:
 527              		.loc 1 160 21 view .LVU116
 528 0008 034B     		ldr	r3, .L52
 529 000a 03EBC003 		add	r3, r3, r0, lsl #3
 530 000e 1869     		ldr	r0, [r3, #16]
 531 0010 7047     		bx	lr
 532              	.LVL55:
 533              	.L51:
 157:source/modules/sio/sio.c ****     }
 534              		.loc 1 157 16 view .LVU117
 535 0012 0020     		movs	r0, #0
 536              	.LVL56:
 161:source/modules/sio/sio.c **** }
 537              		.loc 1 161 1 view .LVU118
 538 0014 7047     		bx	lr
 539              	.L53:
 540 0016 00BF     		.align	2
 541              	.L52:
 542 0018 00000000 		.word	.LANCHOR2
 543              		.cfi_endproc
 544              	.LFE137:
 546              		.section	.text.sio_attach_callback,"ax",%progbits
 547              		.align	1
 548              		.global	sio_attach_callback
 549              		.syntax unified
 550              		.thumb
 551              		.thumb_func
 552              		.fpu fpv4-sp-d16
 554              	sio_attach_callback:
 555              	.LVL57:
 556              	.LFB138:
 162:source/modules/sio/sio.c **** 
 163:source/modules/sio/sio.c **** void sio_attach_callback(int fd, void (*cb_func) ()) {
 557              		.loc 1 163 54 is_stmt 1 view -0
 558              		.cfi_startproc
 559              		@ args = 0, pretend = 0, frame = 0
 560              		@ frame_needed = 0, uses_anonymous_args = 0
 561              		@ link register save eliminated.
 164:source/modules/sio/sio.c ****     if(fd >= NUM_UARTS || fd < 0) {
 562              		.loc 1 164 5 view .LVU120
 563              		.loc 1 164 7 is_stmt 0 view .LVU121
 564 0000 0228     		cmp	r0, #2
 565 0002 02D8     		bhi	.L54
 165:source/modules/sio/sio.c ****         // invalid index
 166:source/modules/sio/sio.c ****         return;
 167:source/modules/sio/sio.c ****     }
 168:source/modules/sio/sio.c **** 
 169:source/modules/sio/sio.c ****     callback_funcs[fd] = cb_func;
 566              		.loc 1 169 5 is_stmt 1 view .LVU122
 567              		.loc 1 169 24 is_stmt 0 view .LVU123
 568 0004 014B     		ldr	r3, .L56
ARM GAS  /tmp/ccrAopts.s 			page 14


 569 0006 43F82010 		str	r1, [r3, r0, lsl #2]
 570              	.L54:
 170:source/modules/sio/sio.c **** }
 571              		.loc 1 170 1 view .LVU124
 572 000a 7047     		bx	lr
 573              	.L57:
 574              		.align	2
 575              	.L56:
 576 000c 00000000 		.word	.LANCHOR5
 577              		.cfi_endproc
 578              	.LFE138:
 580              		.section	.text.sio_search_name,"ax",%progbits
 581              		.align	1
 582              		.global	sio_search_name
 583              		.syntax unified
 584              		.thumb
 585              		.thumb_func
 586              		.fpu fpv4-sp-d16
 588              	sio_search_name:
 589              	.LVL58:
 590              	.LFB139:
 171:source/modules/sio/sio.c **** 
 172:source/modules/sio/sio.c **** int sio_search_name(const char* name) {
 591              		.loc 1 172 39 is_stmt 1 view -0
 592              		.cfi_startproc
 593              		@ args = 0, pretend = 0, frame = 0
 594              		@ frame_needed = 0, uses_anonymous_args = 0
 595              		.loc 1 172 39 is_stmt 0 view .LVU126
 596 0000 70B5     		push	{r4, r5, r6, lr}
 597              	.LCFI6:
 598              		.cfi_def_cfa_offset 16
 599              		.cfi_offset 4, -16
 600              		.cfi_offset 5, -12
 601              		.cfi_offset 6, -8
 602              		.cfi_offset 14, -4
 603 0002 0546     		mov	r5, r0
 173:source/modules/sio/sio.c ****     int fd = -1;
 604              		.loc 1 173 5 is_stmt 1 view .LVU127
 605              	.LVL59:
 174:source/modules/sio/sio.c ****     for(size_t i = 0; i < NUM_UARTS; i++) {
 606              		.loc 1 174 5 view .LVU128
 607              	.LBB3:
 608              		.loc 1 174 9 view .LVU129
 609              		.loc 1 174 16 is_stmt 0 view .LVU130
 610 0004 0024     		movs	r4, #0
 611              	.LBE3:
 173:source/modules/sio/sio.c ****     int fd = -1;
 612              		.loc 1 173 9 view .LVU131
 613 0006 4FF0FF36 		mov	r6, #-1
 614              	.LBB4:
 615              		.loc 1 174 5 view .LVU132
 616 000a 00E0     		b	.L59
 617              	.LVL60:
 618              	.L60:
 619              		.loc 1 174 39 is_stmt 1 discriminator 2 view .LVU133
 620 000c 0134     		adds	r4, r4, #1
 621              	.LVL61:
ARM GAS  /tmp/ccrAopts.s 			page 15


 622              	.L59:
 623              		.loc 1 174 25 discriminator 1 view .LVU134
 624 000e 022C     		cmp	r4, #2
 625 0010 09D8     		bhi	.L63
 175:source/modules/sio/sio.c ****         if(!strcmp(name, uart_names[i])) {
 626              		.loc 1 175 9 view .LVU135
 627              		.loc 1 175 13 is_stmt 0 view .LVU136
 628 0012 064B     		ldr	r3, .L64
 629 0014 53F82410 		ldr	r1, [r3, r4, lsl #2]
 630 0018 2846     		mov	r0, r5
 631 001a FFF7FEFF 		bl	strcmp
 632              	.LVL62:
 633              		.loc 1 175 11 view .LVU137
 634 001e 0028     		cmp	r0, #0
 635 0020 F4D1     		bne	.L60
 176:source/modules/sio/sio.c ****             fd = i;
 636              		.loc 1 176 13 is_stmt 1 view .LVU138
 637              		.loc 1 176 16 is_stmt 0 view .LVU139
 638 0022 2646     		mov	r6, r4
 639              	.LVL63:
 640              		.loc 1 176 16 view .LVU140
 641 0024 F2E7     		b	.L60
 642              	.LVL64:
 643              	.L63:
 644              		.loc 1 176 16 view .LVU141
 645              	.LBE4:
 177:source/modules/sio/sio.c ****         }
 178:source/modules/sio/sio.c ****     }
 179:source/modules/sio/sio.c **** 
 180:source/modules/sio/sio.c ****     return fd;
 646              		.loc 1 180 5 is_stmt 1 view .LVU142
 181:source/modules/sio/sio.c **** }
 647              		.loc 1 181 1 is_stmt 0 view .LVU143
 648 0026 3046     		mov	r0, r6
 649 0028 70BD     		pop	{r4, r5, r6, pc}
 650              	.LVL65:
 651              	.L65:
 652              		.loc 1 181 1 view .LVU144
 653 002a 00BF     		.align	2
 654              	.L64:
 655 002c 00000000 		.word	.LANCHOR6
 656              		.cfi_endproc
 657              	.LFE139:
 659              		.section	.rodata.str1.4,"aMS",%progbits,1
 660              		.align	2
 661              	.LC0:
 662 0000 78626565 		.ascii	"xbee_uart\000"
 662      5F756172 
 662      7400
 663 000a 0000     		.align	2
 664              	.LC1:
 665 000c 64656275 		.ascii	"debug_uart\000"
 665      675F7561 
 665      727400
 666 0017 00       		.align	2
 667              	.LC2:
 668 0018 6770735F 		.ascii	"gps_uart\000"
ARM GAS  /tmp/ccrAopts.s 			page 16


 668      75617274 
 668      00
 669              		.section	.bss.callback_funcs,"aw",%nobits
 670              		.align	2
 671              		.set	.LANCHOR5,. + 0
 674              	callback_funcs:
 675 0000 00000000 		.space	12
 675      00000000 
 675      00000000 
 676              		.section	.bss.rx_buffer,"aw",%nobits
 677              		.align	2
 678              		.set	.LANCHOR1,. + 0
 681              	rx_buffer:
 682 0000 00000000 		.space	3072
 682      00000000 
 682      00000000 
 682      00000000 
 682      00000000 
 683              		.section	.bss.rx_byte,"aw",%nobits
 684              		.align	2
 685              		.set	.LANCHOR3,. + 0
 688              	rx_byte:
 689 0000 000000   		.space	3
 690              		.section	.bss.rx_rb,"aw",%nobits
 691              		.align	2
 692              		.set	.LANCHOR2,. + 0
 695              	rx_rb:
 696 0000 00000000 		.space	72
 696      00000000 
 696      00000000 
 696      00000000 
 696      00000000 
 697              		.section	.bss.tx_queue,"aw",%nobits
 698              		.align	2
 699              		.set	.LANCHOR0,. + 0
 702              	tx_queue:
 703 0000 00000000 		.space	12
 703      00000000 
 703      00000000 
 704              		.section	.rodata.uart_names,"a"
 705              		.align	2
 706              		.set	.LANCHOR6,. + 0
 709              	uart_names:
 710 0000 00000000 		.word	.LC0
 711 0004 0C000000 		.word	.LC1
 712 0008 18000000 		.word	.LC2
 713              		.section	.rodata.uarts,"a"
 714              		.align	2
 715              		.set	.LANCHOR4,. + 0
 718              	uarts:
 719 0000 00000000 		.word	huart3
 720 0004 00000000 		.word	huart2
 721 0008 00000000 		.word	huart1
 722              		.text
 723              	.Letext0:
 724              		.file 2 "/usr/arm-none-eabi/include/machine/_default_types.h"
 725              		.file 3 "/usr/arm-none-eabi/include/sys/_stdint.h"
ARM GAS  /tmp/ccrAopts.s 			page 17


 726              		.file 4 "Drivers/CMSIS/Device/ST/STM32L4xx/Include/stm32l452xx.h"
 727              		.file 5 "/usr/lib/gcc/arm-none-eabi/11.2.0/include/stddef.h"
 728              		.file 6 "Drivers/STM32L4xx_HAL_Driver/Inc/stm32l4xx_hal_def.h"
 729              		.file 7 "Drivers/STM32L4xx_HAL_Driver/Inc/stm32l4xx_hal_dma.h"
 730              		.file 8 "Drivers/STM32L4xx_HAL_Driver/Inc/stm32l4xx_hal_uart.h"
 731              		.file 9 "Core/Inc/usart.h"
 732              		.file 10 "source/modules/sio/sio_config.h"
 733              		.file 11 "source/modules/queue/queue.h"
 734              		.file 12 "source/modules/ringbuff/ringbuff.h"
 735              		.file 13 "/usr/arm-none-eabi/include/string.h"
 736              		.file 14 "/usr/arm-none-eabi/include/stdlib.h"
 737              		.file 15 "<built-in>"
ARM GAS  /tmp/ccrAopts.s 			page 18


DEFINED SYMBOLS
                            *ABS*:0000000000000000 sio.c
     /tmp/ccrAopts.s:18     .text.sio_init:0000000000000000 $t
     /tmp/ccrAopts.s:26     .text.sio_init:0000000000000000 sio_init
     /tmp/ccrAopts.s:100    .text.sio_init:0000000000000050 $d
     /tmp/ccrAopts.s:109    .text.HAL_UART_TxCpltCallback:0000000000000000 $t
     /tmp/ccrAopts.s:116    .text.HAL_UART_TxCpltCallback:0000000000000000 HAL_UART_TxCpltCallback
     /tmp/ccrAopts.s:200    .text.HAL_UART_TxCpltCallback:0000000000000048 $d
     /tmp/ccrAopts.s:206    .text.HAL_UART_RxCpltCallback:0000000000000000 $t
     /tmp/ccrAopts.s:213    .text.HAL_UART_RxCpltCallback:0000000000000000 HAL_UART_RxCpltCallback
     /tmp/ccrAopts.s:293    .text.HAL_UART_RxCpltCallback:000000000000004c $d
     /tmp/ccrAopts.s:301    .text.sio_write:0000000000000000 $t
     /tmp/ccrAopts.s:308    .text.sio_write:0000000000000000 sio_write
     /tmp/ccrAopts.s:427    .text.sio_write:000000000000005c $d
     /tmp/ccrAopts.s:308    .text.sio_write:0000000000000000 _write
     /tmp/ccrAopts.s:435    .text.sio_read:0000000000000000 $t
     /tmp/ccrAopts.s:442    .text.sio_read:0000000000000000 sio_read
     /tmp/ccrAopts.s:497    .text.sio_read:000000000000002c $d
     /tmp/ccrAopts.s:442    .text.sio_read:0000000000000000 _read
     /tmp/ccrAopts.s:504    .text.sio_available:0000000000000000 $t
     /tmp/ccrAopts.s:511    .text.sio_available:0000000000000000 sio_available
     /tmp/ccrAopts.s:542    .text.sio_available:0000000000000018 $d
     /tmp/ccrAopts.s:547    .text.sio_attach_callback:0000000000000000 $t
     /tmp/ccrAopts.s:554    .text.sio_attach_callback:0000000000000000 sio_attach_callback
     /tmp/ccrAopts.s:576    .text.sio_attach_callback:000000000000000c $d
     /tmp/ccrAopts.s:581    .text.sio_search_name:0000000000000000 $t
     /tmp/ccrAopts.s:588    .text.sio_search_name:0000000000000000 sio_search_name
     /tmp/ccrAopts.s:655    .text.sio_search_name:000000000000002c $d
     /tmp/ccrAopts.s:660    .rodata.str1.4:0000000000000000 $d
     /tmp/ccrAopts.s:670    .bss.callback_funcs:0000000000000000 $d
     /tmp/ccrAopts.s:674    .bss.callback_funcs:0000000000000000 callback_funcs
     /tmp/ccrAopts.s:677    .bss.rx_buffer:0000000000000000 $d
     /tmp/ccrAopts.s:681    .bss.rx_buffer:0000000000000000 rx_buffer
     /tmp/ccrAopts.s:684    .bss.rx_byte:0000000000000000 $d
     /tmp/ccrAopts.s:688    .bss.rx_byte:0000000000000000 rx_byte
     /tmp/ccrAopts.s:691    .bss.rx_rb:0000000000000000 $d
     /tmp/ccrAopts.s:695    .bss.rx_rb:0000000000000000 rx_rb
     /tmp/ccrAopts.s:698    .bss.tx_queue:0000000000000000 $d
     /tmp/ccrAopts.s:702    .bss.tx_queue:0000000000000000 tx_queue
     /tmp/ccrAopts.s:705    .rodata.uart_names:0000000000000000 $d
     /tmp/ccrAopts.s:709    .rodata.uart_names:0000000000000000 uart_names
     /tmp/ccrAopts.s:714    .rodata.uarts:0000000000000000 $d
     /tmp/ccrAopts.s:718    .rodata.uarts:0000000000000000 uarts

UNDEFINED SYMBOLS
rb_init
HAL_UART_Receive_IT
q_mkqueue
q_dequeue
free
q_peek
HAL_UART_Transmit_DMA
rb_memcpyin
malloc
memcpy
q_enqueue
rb_memcpyout
ARM GAS  /tmp/ccrAopts.s 			page 19


strcmp
huart3
huart2
huart1
