ARM GAS  /tmp/ccz2BCqb.s 			page 1


   1              		.cpu cortex-m4
   2              		.eabi_attribute 27, 1
   3              		.eabi_attribute 28, 1
   4              		.eabi_attribute 20, 1
   5              		.eabi_attribute 21, 1
   6              		.eabi_attribute 23, 3
   7              		.eabi_attribute 24, 1
   8              		.eabi_attribute 25, 1
   9              		.eabi_attribute 26, 1
  10              		.eabi_attribute 30, 1
  11              		.eabi_attribute 34, 1
  12              		.eabi_attribute 18, 4
  13              		.file	"udp.c"
  14              		.text
  15              	.Ltext0:
  16              		.cfi_sections	.debug_frame
  17              		.section	.text.udp_calculate_checksum,"ax",%progbits
  18              		.align	1
  19              		.global	udp_calculate_checksum
  20              		.arch armv7e-m
  21              		.syntax unified
  22              		.thumb
  23              		.thumb_func
  24              		.fpu fpv4-sp-d16
  26              	udp_calculate_checksum:
  27              	.LVL0:
  28              	.LFB0:
  29              		.file 1 "source/modules/net/udp.c"
   1:source/modules/net/udp.c **** #include "udp.h"
   2:source/modules/net/udp.c **** 
   3:source/modules/net/udp.c **** uint16_t udp_calculate_checksum(uint8_t* data, size_t len) {
  30              		.loc 1 3 60 view -0
  31              		.cfi_startproc
  32              		@ args = 0, pretend = 0, frame = 0
  33              		@ frame_needed = 0, uses_anonymous_args = 0
  34              		@ link register save eliminated.
  35              		.loc 1 3 60 is_stmt 0 view .LVU1
  36 0000 0346     		mov	r3, r0
   4:source/modules/net/udp.c ****     uint16_t c = 0;
  37              		.loc 1 4 5 is_stmt 1 view .LVU2
  38              	.LVL1:
   5:source/modules/net/udp.c **** 	for(; len>1; len -= 2) {
  39              		.loc 1 5 2 view .LVU3
   4:source/modules/net/udp.c ****     uint16_t c = 0;
  40              		.loc 1 4 14 is_stmt 0 view .LVU4
  41 0002 0020     		movs	r0, #0
  42              	.LVL2:
  43              		.loc 1 5 2 view .LVU5
  44 0004 04E0     		b	.L2
  45              	.LVL3:
  46              	.L3:
   6:source/modules/net/udp.c ****         c += *data++;
  47              		.loc 1 6 9 is_stmt 1 discriminator 2 view .LVU6
  48              		.loc 1 6 14 is_stmt 0 discriminator 2 view .LVU7
  49 0006 13F8012B 		ldrb	r2, [r3], #1	@ zero_extendqisi2
  50              	.LVL4:
  51              		.loc 1 6 11 discriminator 2 view .LVU8
ARM GAS  /tmp/ccz2BCqb.s 			page 2


  52 000a 1044     		add	r0, r0, r2
  53              	.LVL5:
  54              		.loc 1 6 11 discriminator 2 view .LVU9
  55 000c 80B2     		uxth	r0, r0
  56              	.LVL6:
   5:source/modules/net/udp.c **** 	for(; len>1; len -= 2) {
  57              		.loc 1 5 19 is_stmt 1 discriminator 2 view .LVU10
  58 000e 0239     		subs	r1, r1, #2
  59              	.LVL7:
  60              	.L2:
   5:source/modules/net/udp.c **** 	for(; len>1; len -= 2) {
  61              		.loc 1 5 11 discriminator 1 view .LVU11
  62 0010 0129     		cmp	r1, #1
  63 0012 F8D8     		bhi	.L3
   7:source/modules/net/udp.c ****     }
   8:source/modules/net/udp.c **** 
   9:source/modules/net/udp.c ****     if(len == 1) {
  64              		.loc 1 9 5 view .LVU12
  65              		.loc 1 9 7 is_stmt 0 view .LVU13
  66 0014 00D0     		beq	.L5
  67              	.LVL8:
  68              	.L4:
  10:source/modules/net/udp.c ****         c += *(uint16_t*)data;
  11:source/modules/net/udp.c ****     }
  12:source/modules/net/udp.c **** 
  13:source/modules/net/udp.c ****     return c;
  69              		.loc 1 13 5 is_stmt 1 view .LVU14
  14:source/modules/net/udp.c **** }
  70              		.loc 1 14 1 is_stmt 0 view .LVU15
  71 0016 7047     		bx	lr
  72              	.LVL9:
  73              	.L5:
  10:source/modules/net/udp.c ****         c += *(uint16_t*)data;
  74              		.loc 1 10 9 is_stmt 1 view .LVU16
  10:source/modules/net/udp.c ****         c += *(uint16_t*)data;
  75              		.loc 1 10 14 is_stmt 0 view .LVU17
  76 0018 1B88     		ldrh	r3, [r3]
  77              	.LVL10:
  10:source/modules/net/udp.c ****         c += *(uint16_t*)data;
  78              		.loc 1 10 11 view .LVU18
  79 001a 1844     		add	r0, r0, r3
  80              	.LVL11:
  10:source/modules/net/udp.c ****         c += *(uint16_t*)data;
  81              		.loc 1 10 11 view .LVU19
  82 001c 80B2     		uxth	r0, r0
  83              	.LVL12:
  10:source/modules/net/udp.c ****         c += *(uint16_t*)data;
  84              		.loc 1 10 11 view .LVU20
  85 001e FAE7     		b	.L4
  86              		.cfi_endproc
  87              	.LFE0:
  89              		.text
  90              	.Letext0:
  91              		.file 2 "/usr/lib/gcc/arm-none-eabi/11.2.0/include/stddef.h"
  92              		.file 3 "/usr/arm-none-eabi/include/machine/_default_types.h"
  93              		.file 4 "/usr/arm-none-eabi/include/sys/_stdint.h"
ARM GAS  /tmp/ccz2BCqb.s 			page 3


DEFINED SYMBOLS
                            *ABS*:0000000000000000 udp.c
     /tmp/ccz2BCqb.s:18     .text.udp_calculate_checksum:0000000000000000 $t
     /tmp/ccz2BCqb.s:26     .text.udp_calculate_checksum:0000000000000000 udp_calculate_checksum

NO UNDEFINED SYMBOLS
